aistudio@jupyter-371523-4434725:~/work/PaddleRec/models/rank/autoint$ python ../../../tools/infer.py -m config_bigdata.yaml -o runner.seed=2018
2022-08-22 19:19:14,963 - INFO - **************common.configs**********
2022-08-22 19:19:14,963 - INFO - use_gpu: True, use_xpu: False, use_npu: False, use_visual: False, infer_batch_size: 1024, test_data_dir: ../../../datasets/criteo_autoint/slot_test_data_full, start_epoch: 0, end_epoch: 1, print_interval: 10, model_load_path: output_model_all_autoint_use_scale_use_norm
2022-08-22 19:19:14,963 - INFO - **************common.configs**********
W0822 19:19:14.964686   932 gpu_resources.cc:61] Please NOTE: device: 0, GPU Compute Capability: 7.0, Driver API Version: 11.2, Runtime API Version: 10.1
W0822 19:19:14.970059   932 gpu_resources.cc:91] device: 0, cuDNN Version: 7.6.
2022-08-22 19:19:16,036 - INFO - read data
2022-08-22 19:19:16,036 - INFO - reader path:criteo_reader
2022-08-22 19:19:16,037 - INFO - load model epoch 0
2022-08-22 19:19:16,038 - INFO - start load model from output_model_all_autoint_use_scale_use_norm/0
2022-08-22 19:19:18,336 - INFO - epoch: 0, batch_id: 0, auc: 0.796958, avg_reader_cost: 0.03388 sec, avg_batch_cost: 0.20812 sec, avg_samples: 1024.00000, ips: 4453.89 ins/s
2022-08-22 19:19:19,032 - INFO - epoch: 0, batch_id: 10, auc: 0.819807, avg_reader_cost: 0.00013 sec, avg_batch_cost: 0.06895 sec, avg_samples: 1024.00000, ips: 14724.35 ins/s
2022-08-22 19:19:19,719 - INFO - epoch: 0, batch_id: 20, auc: 0.823210, avg_reader_cost: 0.00013 sec, avg_batch_cost: 0.06810 sec, avg_samples: 1024.00000, ips: 14919.80 ins/s
2022-08-22 19:19:20,412 - INFO - epoch: 0, batch_id: 30, auc: 0.814879, avg_reader_cost: 0.00012 sec, avg_batch_cost: 0.06877 sec, avg_samples: 1024.00000, ips: 14766.49 ins/s
2022-08-22 19:19:21,111 - INFO - epoch: 0, batch_id: 40, auc: 0.812027, avg_reader_cost: 0.00011 sec, avg_batch_cost: 0.06927 sec, avg_samples: 1024.00000, ips: 14667.84 ins/s
2022-08-22 19:19:21,804 - INFO - epoch: 0, batch_id: 50, auc: 0.810047, avg_reader_cost: 0.00012 sec, avg_batch_cost: 0.06879 sec, avg_samples: 1024.00000, ips: 14773.52 ins/s
2022-08-22 19:19:22,490 - INFO - epoch: 0, batch_id: 60, auc: 0.809729, avg_reader_cost: 0.00011 sec, avg_batch_cost: 0.06800 sec, avg_samples: 1024.00000, ips: 14936.82 ins/s
2022-08-22 19:19:23,251 - INFO - epoch: 0, batch_id: 70, auc: 0.809079, avg_reader_cost: 0.00012 sec, avg_batch_cost: 0.07551 sec, avg_samples: 1024.00000, ips: 13464.93 ins/s
2022-08-22 19:19:23,953 - INFO - epoch: 0, batch_id: 80, auc: 0.808895, avg_reader_cost: 0.00010 sec, avg_batch_cost: 0.06961 sec, avg_samples: 1024.00000, ips: 14600.15 ins/s
2022-08-22 19:19:24,658 - INFO - epoch: 0, batch_id: 90, auc: 0.808990, avg_reader_cost: 0.00011 sec, avg_batch_cost: 0.06995 sec, avg_samples: 1024.00000, ips: 14524.08 ins/s
2022-08-22 19:19:25,364 - INFO - epoch: 0, batch_id: 100, auc: 0.809604, avg_reader_cost: 0.00011 sec, avg_batch_cost: 0.07010 sec, avg_samples: 1024.00000, ips: 14496.27 ins/s
2022-08-22 19:19:26,067 - INFO - epoch: 0, batch_id: 110, auc: 0.809970, avg_reader_cost: 0.00012 sec, avg_batch_cost: 0.06972 sec, avg_samples: 1024.00000, ips: 14575.56 ins/s
2022-08-22 19:19:26,762 - INFO - epoch: 0, batch_id: 120, auc: 0.809867, avg_reader_cost: 0.00011 sec, avg_batch_cost: 0.06891 sec, avg_samples: 1024.00000, ips: 14742.81 ins/s
2022-08-22 19:19:27,413 - INFO - epoch: 0, batch_id: 130, auc: 0.809887, avg_reader_cost: 0.00008 sec, avg_batch_cost: 0.06450 sec, avg_samples: 1024.00000, ips: 15739.62 ins/s
2022-08-22 19:19:28,077 - INFO - epoch: 0, batch_id: 140, auc: 0.810010, avg_reader_cost: 0.00010 sec, avg_batch_cost: 0.06587 sec, avg_samples: 1024.00000, ips: 15415.36 ins/s
2022-08-22 19:19:28,770 - INFO - epoch: 0, batch_id: 150, auc: 0.809798, avg_reader_cost: 0.00011 sec, avg_batch_cost: 0.06865 sec, avg_samples: 1024.00000, ips: 14783.76 ins/s
2022-08-22 19:19:29,504 - INFO - epoch: 0, batch_id: 160, auc: 0.809839, avg_reader_cost: 0.00012 sec, avg_batch_cost: 0.07273 sec, avg_samples: 1024.00000, ips: 13968.78 ins/s
2022-08-22 19:19:30,210 - INFO - epoch: 0, batch_id: 170, auc: 0.809412, avg_reader_cost: 0.00012 sec, avg_batch_cost: 0.07007 sec, avg_samples: 1024.00000, ips: 14503.08 ins/s
2022-08-22 19:19:30,941 - INFO - epoch: 0, batch_id: 180, auc: 0.809495, avg_reader_cost: 0.00013 sec, avg_batch_cost: 0.07249 sec, avg_samples: 1024.00000, ips: 14016.43 ins/s
2022-08-22 19:19:31,654 - INFO - epoch: 0, batch_id: 190, auc: 0.809760, avg_reader_cost: 0.00012 sec, avg_batch_cost: 0.07077 sec, avg_samples: 1024.00000, ips: 14359.91 ins/s
2022-08-22 19:19:32,402 - INFO - epoch: 0, batch_id: 200, auc: 0.809572, avg_reader_cost: 0.00014 sec, avg_batch_cost: 0.07414 sec, avg_samples: 1024.00000, ips: 13710.16 ins/s
2022-08-22 19:19:33,094 - INFO - epoch: 0, batch_id: 210, auc: 0.809632, avg_reader_cost: 0.00014 sec, avg_batch_cost: 0.06869 sec, avg_samples: 1024.00000, ips: 14787.57 ins/s
2022-08-22 19:19:33,805 - INFO - epoch: 0, batch_id: 220, auc: 0.809370, avg_reader_cost: 0.00013 sec, avg_batch_cost: 0.07054 sec, avg_samples: 1024.00000, ips: 14405.63 ins/s
2022-08-22 19:19:34,503 - INFO - epoch: 0, batch_id: 230, auc: 0.809563, avg_reader_cost: 0.00013 sec, avg_batch_cost: 0.06917 sec, avg_samples: 1024.00000, ips: 14681.98 ins/s
2022-08-22 19:19:35,203 - INFO - epoch: 0, batch_id: 240, auc: 0.809565, avg_reader_cost: 0.00013 sec, avg_batch_cost: 0.06942 sec, avg_samples: 1024.00000, ips: 14636.91 ins/s
2022-08-22 19:19:35,966 - INFO - epoch: 0, batch_id: 250, auc: 0.809668, avg_reader_cost: 0.00014 sec, avg_batch_cost: 0.07576 sec, avg_samples: 1024.00000, ips: 13420.08 ins/s
2022-08-22 19:19:36,671 - INFO - epoch: 0, batch_id: 260, auc: 0.809730, avg_reader_cost: 0.00013 sec, avg_batch_cost: 0.06990 sec, avg_samples: 1024.00000, ips: 14539.46 ins/s
2022-08-22 19:19:37,418 - INFO - epoch: 0, batch_id: 270, auc: 0.809465, avg_reader_cost: 0.00013 sec, avg_batch_cost: 0.07418 sec, avg_samples: 1024.00000, ips: 13704.43 ins/s
2022-08-22 19:19:38,113 - INFO - epoch: 0, batch_id: 280, auc: 0.809421, avg_reader_cost: 0.00013 sec, avg_batch_cost: 0.06889 sec, avg_samples: 1024.00000, ips: 14751.47 ins/s
2022-08-22 19:19:38,874 - INFO - epoch: 0, batch_id: 290, auc: 0.809427, avg_reader_cost: 0.00012 sec, avg_batch_cost: 0.07557 sec, avg_samples: 1024.00000, ips: 13454.70 ins/s
2022-08-22 19:19:39,598 - INFO - epoch: 0, batch_id: 300, auc: 0.809309, avg_reader_cost: 0.00011 sec, avg_batch_cost: 0.07177 sec, avg_samples: 1024.00000, ips: 14162.73 ins/s
2022-08-22 19:19:40,346 - INFO - epoch: 0, batch_id: 310, auc: 0.809123, avg_reader_cost: 0.00014 sec, avg_batch_cost: 0.07434 sec, avg_samples: 1024.00000, ips: 13677.92 ins/s
2022-08-22 19:19:41,062 - INFO - epoch: 0, batch_id: 320, auc: 0.808907, avg_reader_cost: 0.00013 sec, avg_batch_cost: 0.07097 sec, avg_samples: 1024.00000, ips: 14323.53 ins/s
2022-08-22 19:19:41,788 - INFO - epoch: 0, batch_id: 330, auc: 0.808652, avg_reader_cost: 0.00011 sec, avg_batch_cost: 0.07207 sec, avg_samples: 1024.00000, ips: 14106.37 ins/s
2022-08-22 19:19:42,479 - INFO - epoch: 0, batch_id: 340, auc: 0.808476, avg_reader_cost: 0.00013 sec, avg_batch_cost: 0.06860 sec, avg_samples: 1024.00000, ips: 14814.47 ins/s
2022-08-22 19:19:43,171 - INFO - epoch: 0, batch_id: 350, auc: 0.808424, avg_reader_cost: 0.00013 sec, avg_batch_cost: 0.06861 sec, avg_samples: 1024.00000, ips: 14805.68 ins/s
2022-08-22 19:19:43,846 - INFO - epoch: 0, batch_id: 360, auc: 0.808493, avg_reader_cost: 0.00012 sec, avg_batch_cost: 0.06688 sec, avg_samples: 1024.00000, ips: 15189.03 ins/s
2022-08-22 19:19:44,514 - INFO - epoch: 0, batch_id: 370, auc: 0.808618, avg_reader_cost: 0.00011 sec, avg_batch_cost: 0.06628 sec, avg_samples: 1024.00000, ips: 15328.67 ins/s
2022-08-22 19:19:45,254 - INFO - epoch: 0, batch_id: 380, auc: 0.808656, avg_reader_cost: 0.00014 sec, avg_batch_cost: 0.07345 sec, avg_samples: 1024.00000, ips: 13837.12 ins/s
2022-08-22 19:19:46,002 - INFO - epoch: 0, batch_id: 390, auc: 0.808741, avg_reader_cost: 0.00014 sec, avg_batch_cost: 0.07416 sec, avg_samples: 1024.00000, ips: 13707.28 ins/s
2022-08-22 19:19:46,691 - INFO - epoch: 0, batch_id: 400, auc: 0.808982, avg_reader_cost: 0.00013 sec, avg_batch_cost: 0.06835 sec, avg_samples: 1024.00000, ips: 14864.00 ins/s
2022-08-22 19:19:47,365 - INFO - epoch: 0, batch_id: 410, auc: 0.808949, avg_reader_cost: 0.00013 sec, avg_batch_cost: 0.06689 sec, avg_samples: 1024.00000, ips: 15188.98 ins/s
2022-08-22 19:19:48,072 - INFO - epoch: 0, batch_id: 420, auc: 0.808735, avg_reader_cost: 0.00013 sec, avg_batch_cost: 0.07010 sec, avg_samples: 1024.00000, ips: 14495.71 ins/s
2022-08-22 19:19:48,755 - INFO - epoch: 0, batch_id: 430, auc: 0.808665, avg_reader_cost: 0.00011 sec, avg_batch_cost: 0.06771 sec, avg_samples: 1024.00000, ips: 15003.38 ins/s
2022-08-22 19:19:49,439 - INFO - epoch: 0, batch_id: 440, auc: 0.808577, avg_reader_cost: 0.00010 sec, avg_batch_cost: 0.06785 sec, avg_samples: 1024.00000, ips: 14974.30 ins/s
2022-08-22 19:19:50,122 - INFO - epoch: 0, batch_id: 450, auc: 0.808398, avg_reader_cost: 0.00011 sec, avg_batch_cost: 0.06776 sec, avg_samples: 1024.00000, ips: 14989.99 ins/s
2022-08-22 19:19:50,822 - INFO - epoch: 0, batch_id: 460, auc: 0.808447, avg_reader_cost: 0.00010 sec, avg_batch_cost: 0.06939 sec, avg_samples: 1024.00000, ips: 14646.74 ins/s
2022-08-22 19:19:51,496 - INFO - epoch: 0, batch_id: 470, auc: 0.808480, avg_reader_cost: 0.00010 sec, avg_batch_cost: 0.06690 sec, avg_samples: 1024.00000, ips: 15186.29 ins/s
2022-08-22 19:19:52,183 - INFO - epoch: 0, batch_id: 480, auc: 0.808393, avg_reader_cost: 0.00011 sec, avg_batch_cost: 0.06812 sec, avg_samples: 1024.00000, ips: 14917.54 ins/s
2022-08-22 19:19:52,863 - INFO - epoch: 0, batch_id: 490, auc: 0.808423, avg_reader_cost: 0.00011 sec, avg_batch_cost: 0.06748 sec, avg_samples: 1024.00000, ips: 15055.49 ins/s
2022-08-22 19:19:53,558 - INFO - epoch: 0, batch_id: 500, auc: 0.808154, avg_reader_cost: 0.00013 sec, avg_batch_cost: 0.06885 sec, avg_samples: 1024.00000, ips: 14756.02 ins/s
2022-08-22 19:19:54,264 - INFO - epoch: 0, batch_id: 510, auc: 0.808192, avg_reader_cost: 0.00011 sec, avg_batch_cost: 0.07005 sec, avg_samples: 1024.00000, ips: 14503.35 ins/s
2022-08-22 19:19:54,964 - INFO - epoch: 0, batch_id: 520, auc: 0.808126, avg_reader_cost: 0.00021 sec, avg_batch_cost: 0.06944 sec, avg_samples: 1024.00000, ips: 14633.64 ins/s
2022-08-22 19:19:55,698 - INFO - epoch: 0, batch_id: 530, auc: 0.808106, avg_reader_cost: 0.00011 sec, avg_batch_cost: 0.07285 sec, avg_samples: 1024.00000, ips: 13951.79 ins/s
2022-08-22 19:19:56,440 - INFO - epoch: 0, batch_id: 540, auc: 0.808018, avg_reader_cost: 0.00011 sec, avg_batch_cost: 0.07358 sec, avg_samples: 1024.00000, ips: 13810.60 ins/s
2022-08-22 19:19:57,115 - INFO - epoch: 0, batch_id: 550, auc: 0.807871, avg_reader_cost: 0.00010 sec, avg_batch_cost: 0.06692 sec, avg_samples: 1024.00000, ips: 15180.27 ins/s
2022-08-22 19:19:57,784 - INFO - epoch: 0, batch_id: 560, auc: 0.807809, avg_reader_cost: 0.00011 sec, avg_batch_cost: 0.06636 sec, avg_samples: 1024.00000, ips: 15311.34 ins/s
2022-08-22 19:19:58,473 - INFO - epoch: 0, batch_id: 570, auc: 0.807788, avg_reader_cost: 0.00011 sec, avg_batch_cost: 0.06841 sec, avg_samples: 1024.00000, ips: 14852.76 ins/s
2022-08-22 19:19:59,172 - INFO - epoch: 0, batch_id: 580, auc: 0.807746, avg_reader_cost: 0.00010 sec, avg_batch_cost: 0.06929 sec, avg_samples: 1024.00000, ips: 14665.07 ins/s
2022-08-22 19:19:59,861 - INFO - epoch: 0, batch_id: 590, auc: 0.807759, avg_reader_cost: 0.00010 sec, avg_batch_cost: 0.06836 sec, avg_samples: 1024.00000, ips: 14865.61 ins/s
2022-08-22 19:20:00,602 - INFO - epoch: 0, batch_id: 600, auc: 0.807684, avg_reader_cost: 0.00013 sec, avg_batch_cost: 0.07358 sec, avg_samples: 1024.00000, ips: 13817.30 ins/s
2022-08-22 19:20:01,319 - INFO - epoch: 0, batch_id: 610, auc: 0.807648, avg_reader_cost: 0.00013 sec, avg_batch_cost: 0.07112 sec, avg_samples: 1024.00000, ips: 14290.97 ins/s
2022-08-22 19:20:02,026 - INFO - epoch: 0, batch_id: 620, auc: 0.807644, avg_reader_cost: 0.00014 sec, avg_batch_cost: 0.07018 sec, avg_samples: 1024.00000, ips: 14484.77 ins/s
2022-08-22 19:20:02,734 - INFO - epoch: 0, batch_id: 630, auc: 0.807625, avg_reader_cost: 0.00014 sec, avg_batch_cost: 0.07021 sec, avg_samples: 1024.00000, ips: 14479.51 ins/s
2022-08-22 19:20:03,438 - INFO - epoch: 0, batch_id: 640, auc: 0.807553, avg_reader_cost: 0.00013 sec, avg_batch_cost: 0.06984 sec, avg_samples: 1024.00000, ips: 14549.38 ins/s
2022-08-22 19:20:04,147 - INFO - epoch: 0, batch_id: 650, auc: 0.807495, avg_reader_cost: 0.00014 sec, avg_batch_cost: 0.07036 sec, avg_samples: 1024.00000, ips: 14440.27 ins/s
2022-08-22 19:20:04,859 - INFO - epoch: 0, batch_id: 660, auc: 0.807341, avg_reader_cost: 0.00014 sec, avg_batch_cost: 0.07055 sec, avg_samples: 1024.00000, ips: 14398.33 ins/s
2022-08-22 19:20:05,555 - INFO - epoch: 0, batch_id: 670, auc: 0.807263, avg_reader_cost: 0.00013 sec, avg_batch_cost: 0.06901 sec, avg_samples: 1024.00000, ips: 14716.68 ins/s
2022-08-22 19:20:06,327 - INFO - epoch: 0, batch_id: 680, auc: 0.807190, avg_reader_cost: 0.00014 sec, avg_batch_cost: 0.07669 sec, avg_samples: 1024.00000, ips: 13258.17 ins/s
2022-08-22 19:20:07,423 - INFO - epoch: 0, batch_id: 690, auc: 0.807158, avg_reader_cost: 0.00026 sec, avg_batch_cost: 0.10895 sec, avg_samples: 1024.00000, ips: 9350.38 ins/s
2022-08-22 19:20:08,497 - INFO - epoch: 0, batch_id: 700, auc: 0.807225, avg_reader_cost: 0.00015 sec, avg_batch_cost: 0.10686 sec, avg_samples: 1024.00000, ips: 9536.88 ins/s
2022-08-22 19:20:09,257 - INFO - epoch: 0, batch_id: 710, auc: 0.807156, avg_reader_cost: 0.00013 sec, avg_batch_cost: 0.07544 sec, avg_samples: 1024.00000, ips: 13471.38 ins/s
2022-08-22 19:20:10,135 - INFO - epoch: 0, batch_id: 720, auc: 0.807118, avg_reader_cost: 0.00014 sec, avg_batch_cost: 0.08707 sec, avg_samples: 1024.00000, ips: 11665.02 ins/s
2022-08-22 19:20:10,838 - INFO - epoch: 0, batch_id: 730, auc: 0.807166, avg_reader_cost: 0.00012 sec, avg_batch_cost: 0.06967 sec, avg_samples: 1024.00000, ips: 14583.27 ins/s
2022-08-22 19:20:11,507 - INFO - epoch: 0, batch_id: 740, auc: 0.807245, avg_reader_cost: 0.00011 sec, avg_batch_cost: 0.06640 sec, avg_samples: 1024.00000, ips: 15302.95 ins/s
2022-08-22 19:20:12,211 - INFO - epoch: 0, batch_id: 750, auc: 0.807375, avg_reader_cost: 0.00013 sec, avg_batch_cost: 0.06983 sec, avg_samples: 1024.00000, ips: 14550.94 ins/s
2022-08-22 19:20:12,898 - INFO - epoch: 0, batch_id: 760, auc: 0.807353, avg_reader_cost: 0.00011 sec, avg_batch_cost: 0.06814 sec, avg_samples: 1024.00000, ips: 14910.48 ins/s
2022-08-22 19:20:13,587 - INFO - epoch: 0, batch_id: 770, auc: 0.807294, avg_reader_cost: 0.00012 sec, avg_batch_cost: 0.06827 sec, avg_samples: 1024.00000, ips: 14877.95 ins/s
2022-08-22 19:20:14,343 - INFO - epoch: 0, batch_id: 780, auc: 0.807381, avg_reader_cost: 0.00014 sec, avg_batch_cost: 0.07500 sec, avg_samples: 1024.00000, ips: 13553.85 ins/s
2022-08-22 19:20:15,102 - INFO - epoch: 0, batch_id: 790, auc: 0.807291, avg_reader_cost: 0.00014 sec, avg_batch_cost: 0.07534 sec, avg_samples: 1024.00000, ips: 13494.46 ins/s
2022-08-22 19:20:15,872 - INFO - epoch: 0, batch_id: 800, auc: 0.807277, avg_reader_cost: 0.00015 sec, avg_batch_cost: 0.07645 sec, avg_samples: 1024.00000, ips: 13300.92 ins/s
2022-08-22 19:20:16,582 - INFO - epoch: 0, batch_id: 810, auc: 0.807299, avg_reader_cost: 0.00013 sec, avg_batch_cost: 0.07041 sec, avg_samples: 1024.00000, ips: 14432.88 ins/s
2022-08-22 19:20:17,282 - INFO - epoch: 0, batch_id: 820, auc: 0.807281, avg_reader_cost: 0.00011 sec, avg_batch_cost: 0.06950 sec, avg_samples: 1024.00000, ips: 14623.72 ins/s
2022-08-22 19:20:17,970 - INFO - epoch: 0, batch_id: 830, auc: 0.807387, avg_reader_cost: 0.00010 sec, avg_batch_cost: 0.06821 sec, avg_samples: 1024.00000, ips: 14896.98 ins/s
2022-08-22 19:20:18,656 - INFO - epoch: 0, batch_id: 840, auc: 0.807477, avg_reader_cost: 0.00010 sec, avg_batch_cost: 0.06808 sec, avg_samples: 1024.00000, ips: 14921.93 ins/s
2022-08-22 19:20:19,358 - INFO - epoch: 0, batch_id: 850, auc: 0.807565, avg_reader_cost: 0.00011 sec, avg_batch_cost: 0.06964 sec, avg_samples: 1024.00000, ips: 14595.04 ins/s
2022-08-22 19:20:20,036 - INFO - epoch: 0, batch_id: 860, auc: 0.807628, avg_reader_cost: 0.00011 sec, avg_batch_cost: 0.06720 sec, avg_samples: 1024.00000, ips: 15117.54 ins/s
2022-08-22 19:20:20,729 - INFO - epoch: 0, batch_id: 870, auc: 0.807549, avg_reader_cost: 0.00011 sec, avg_batch_cost: 0.06877 sec, avg_samples: 1024.00000, ips: 14771.25 ins/s
2022-08-22 19:20:21,402 - INFO - epoch: 0, batch_id: 880, auc: 0.807600, avg_reader_cost: 0.00012 sec, avg_batch_cost: 0.06669 sec, avg_samples: 1024.00000, ips: 15232.99 ins/s
2022-08-22 19:20:22,071 - INFO - epoch: 0, batch_id: 890, auc: 0.807737, avg_reader_cost: 0.00012 sec, avg_batch_cost: 0.06641 sec, avg_samples: 1024.00000, ips: 15300.39 ins/s
2022-08-22 19:20:22,760 - INFO - epoch: 0, batch_id: 900, auc: 0.807741, avg_reader_cost: 0.00011 sec, avg_batch_cost: 0.06831 sec, avg_samples: 1024.00000, ips: 14872.60 ins/s
2022-08-22 19:20:23,454 - INFO - epoch: 0, batch_id: 910, auc: 0.807760, avg_reader_cost: 0.00011 sec, avg_batch_cost: 0.06881 sec, avg_samples: 1024.00000, ips: 14766.11 ins/s
2022-08-22 19:20:24,149 - INFO - epoch: 0, batch_id: 920, auc: 0.807794, avg_reader_cost: 0.00019 sec, avg_batch_cost: 0.06898 sec, avg_samples: 1024.00000, ips: 14730.74 ins/s
2022-08-22 19:20:24,907 - INFO - epoch: 0, batch_id: 930, auc: 0.807819, avg_reader_cost: 0.00011 sec, avg_batch_cost: 0.07522 sec, avg_samples: 1024.00000, ips: 13515.59 ins/s
2022-08-22 19:20:25,607 - INFO - epoch: 0, batch_id: 940, auc: 0.807922, avg_reader_cost: 0.00010 sec, avg_batch_cost: 0.06942 sec, avg_samples: 1024.00000, ips: 14632.31 ins/s
2022-08-22 19:20:26,335 - INFO - epoch: 0, batch_id: 950, auc: 0.807974, avg_reader_cost: 0.00013 sec, avg_batch_cost: 0.07220 sec, avg_samples: 1024.00000, ips: 14078.84 ins/s
2022-08-22 19:20:27,072 - INFO - epoch: 0, batch_id: 960, auc: 0.807965, avg_reader_cost: 0.00013 sec, avg_batch_cost: 0.07320 sec, avg_samples: 1024.00000, ips: 13889.83 ins/s
2022-08-22 19:20:27,757 - INFO - epoch: 0, batch_id: 970, auc: 0.807897, avg_reader_cost: 0.00012 sec, avg_batch_cost: 0.06785 sec, avg_samples: 1024.00000, ips: 14974.36 ins/s
2022-08-22 19:20:28,448 - INFO - epoch: 0, batch_id: 980, auc: 0.807976, avg_reader_cost: 0.00011 sec, avg_batch_cost: 0.06859 sec, avg_samples: 1024.00000, ips: 14815.34 ins/s
2022-08-22 19:20:29,149 - INFO - epoch: 0, batch_id: 990, auc: 0.808030, avg_reader_cost: 0.00013 sec, avg_batch_cost: 0.06957 sec, avg_samples: 1024.00000, ips: 14605.74 ins/s
2022-08-22 19:20:29,883 - INFO - epoch: 0, batch_id: 1000, auc: 0.808164, avg_reader_cost: 0.00012 sec, avg_batch_cost: 0.07277 sec, avg_samples: 1024.00000, ips: 13968.03 ins/s
2022-08-22 19:20:30,701 - INFO - epoch: 0, batch_id: 1010, auc: 0.808249, avg_reader_cost: 0.00015 sec, avg_batch_cost: 0.08126 sec, avg_samples: 1024.00000, ips: 12517.45 ins/s
2022-08-22 19:20:31,396 - INFO - epoch: 0, batch_id: 1020, auc: 0.808277, avg_reader_cost: 0.00013 sec, avg_batch_cost: 0.06893 sec, avg_samples: 1024.00000, ips: 14745.27 ins/s
2022-08-22 19:20:32,089 - INFO - epoch: 0, batch_id: 1030, auc: 0.808247, avg_reader_cost: 0.00013 sec, avg_batch_cost: 0.06873 sec, avg_samples: 1024.00000, ips: 14781.13 ins/s
2022-08-22 19:20:32,780 - INFO - epoch: 0, batch_id: 1040, auc: 0.808283, avg_reader_cost: 0.00013 sec, avg_batch_cost: 0.06856 sec, avg_samples: 1024.00000, ips: 14821.82 ins/s
2022-08-22 19:20:33,471 - INFO - epoch: 0, batch_id: 1050, auc: 0.808275, avg_reader_cost: 0.00013 sec, avg_batch_cost: 0.06856 sec, avg_samples: 1024.00000, ips: 14823.19 ins/s
2022-08-22 19:20:34,177 - INFO - epoch: 0, batch_id: 1060, auc: 0.808403, avg_reader_cost: 0.00014 sec, avg_batch_cost: 0.07004 sec, avg_samples: 1024.00000, ips: 14511.93 ins/s
2022-08-22 19:20:34,890 - INFO - epoch: 0, batch_id: 1070, auc: 0.808512, avg_reader_cost: 0.00014 sec, avg_batch_cost: 0.07068 sec, avg_samples: 1024.00000, ips: 14374.16 ins/s
2022-08-22 19:20:35,571 - INFO - epoch: 0, batch_id: 1080, auc: 0.808611, avg_reader_cost: 0.00013 sec, avg_batch_cost: 0.06755 sec, avg_samples: 1024.00000, ips: 15041.36 ins/s
2022-08-22 19:20:36,254 - INFO - epoch: 0, batch_id: 1090, auc: 0.808657, avg_reader_cost: 0.00013 sec, avg_batch_cost: 0.06779 sec, avg_samples: 1024.00000, ips: 14987.13 ins/s
2022-08-22 19:20:36,943 - INFO - epoch: 0, batch_id: 1100, auc: 0.808681, avg_reader_cost: 0.00011 sec, avg_batch_cost: 0.06833 sec, avg_samples: 1024.00000, ips: 14872.16 ins/s
2022-08-22 19:20:37,643 - INFO - epoch: 0, batch_id: 1110, auc: 0.808692, avg_reader_cost: 0.00011 sec, avg_batch_cost: 0.06940 sec, avg_samples: 1024.00000, ips: 14639.09 ins/s
2022-08-22 19:20:38,330 - INFO - epoch: 0, batch_id: 1120, auc: 0.808765, avg_reader_cost: 0.00012 sec, avg_batch_cost: 0.06817 sec, avg_samples: 1024.00000, ips: 14899.82 ins/s
2022-08-22 19:20:39,054 - INFO - epoch: 0, batch_id: 1130, auc: 0.808736, avg_reader_cost: 0.00012 sec, avg_batch_cost: 0.07179 sec, avg_samples: 1024.00000, ips: 14162.08 ins/s
2022-08-22 19:20:39,750 - INFO - epoch: 0, batch_id: 1140, auc: 0.808759, avg_reader_cost: 0.00012 sec, avg_batch_cost: 0.06904 sec, avg_samples: 1024.00000, ips: 14719.43 ins/s
2022-08-22 19:20:40,437 - INFO - epoch: 0, batch_id: 1150, auc: 0.808809, avg_reader_cost: 0.00012 sec, avg_batch_cost: 0.06822 sec, avg_samples: 1024.00000, ips: 14895.74 ins/s
2022-08-22 19:20:41,199 - INFO - epoch: 0, batch_id: 1160, auc: 0.808757, avg_reader_cost: 0.00012 sec, avg_batch_cost: 0.07559 sec, avg_samples: 1024.00000, ips: 13449.74 ins/s
2022-08-22 19:20:41,910 - INFO - epoch: 0, batch_id: 1170, auc: 0.808808, avg_reader_cost: 0.00012 sec, avg_batch_cost: 0.07057 sec, avg_samples: 1024.00000, ips: 14398.56 ins/s
2022-08-22 19:20:42,629 - INFO - epoch: 0, batch_id: 1180, auc: 0.808746, avg_reader_cost: 0.00013 sec, avg_batch_cost: 0.07132 sec, avg_samples: 1024.00000, ips: 14251.84 ins/s
2022-08-22 19:20:43,337 - INFO - epoch: 0, batch_id: 1190, auc: 0.808800, avg_reader_cost: 0.00015 sec, avg_batch_cost: 0.07022 sec, avg_samples: 1024.00000, ips: 14465.29 ins/s
2022-08-22 19:20:44,038 - INFO - epoch: 0, batch_id: 1200, auc: 0.808709, avg_reader_cost: 0.00015 sec, avg_batch_cost: 0.06955 sec, avg_samples: 1024.00000, ips: 14615.16 ins/s
2022-08-22 19:20:44,737 - INFO - epoch: 0, batch_id: 1210, auc: 0.808720, avg_reader_cost: 0.00013 sec, avg_batch_cost: 0.06926 sec, avg_samples: 1024.00000, ips: 14669.13 ins/s
2022-08-22 19:20:45,479 - INFO - epoch: 0, batch_id: 1220, auc: 0.808770, avg_reader_cost: 0.00013 sec, avg_batch_cost: 0.07370 sec, avg_samples: 1024.00000, ips: 13790.67 ins/s
2022-08-22 19:20:46,242 - INFO - epoch: 0, batch_id: 1230, auc: 0.808837, avg_reader_cost: 0.00014 sec, avg_batch_cost: 0.07570 sec, avg_samples: 1024.00000, ips: 13426.25 ins/s
2022-08-22 19:20:46,940 - INFO - epoch: 0, batch_id: 1240, auc: 0.808880, avg_reader_cost: 0.00012 sec, avg_batch_cost: 0.06917 sec, avg_samples: 1024.00000, ips: 14687.22 ins/s
2022-08-22 19:20:47,662 - INFO - epoch: 0, batch_id: 1250, auc: 0.808862, avg_reader_cost: 0.00012 sec, avg_batch_cost: 0.07163 sec, avg_samples: 1024.00000, ips: 14189.70 ins/s
2022-08-22 19:20:48,353 - INFO - epoch: 0, batch_id: 1260, auc: 0.808886, avg_reader_cost: 0.00011 sec, avg_batch_cost: 0.06852 sec, avg_samples: 1024.00000, ips: 14829.39 ins/s
2022-08-22 19:20:49,031 - INFO - epoch: 0, batch_id: 1270, auc: 0.808818, avg_reader_cost: 0.00013 sec, avg_batch_cost: 0.06729 sec, avg_samples: 1024.00000, ips: 15099.27 ins/s
2022-08-22 19:20:49,719 - INFO - epoch: 0, batch_id: 1280, auc: 0.808782, avg_reader_cost: 0.00035 sec, avg_batch_cost: 0.06827 sec, avg_samples: 1024.00000, ips: 14882.47 ins/s
2022-08-22 19:20:50,423 - INFO - epoch: 0, batch_id: 1290, auc: 0.808753, avg_reader_cost: 0.00011 sec, avg_batch_cost: 0.06977 sec, avg_samples: 1024.00000, ips: 14562.83 ins/s
2022-08-22 19:20:51,113 - INFO - epoch: 0, batch_id: 1300, auc: 0.808808, avg_reader_cost: 0.00010 sec, avg_batch_cost: 0.06847 sec, avg_samples: 1024.00000, ips: 14842.15 ins/s
2022-08-22 19:20:51,806 - INFO - epoch: 0, batch_id: 1310, auc: 0.808755, avg_reader_cost: 0.00011 sec, avg_batch_cost: 0.06874 sec, avg_samples: 1024.00000, ips: 14783.53 ins/s
2022-08-22 19:20:52,471 - INFO - epoch: 0, batch_id: 1320, auc: 0.808782, avg_reader_cost: 0.00012 sec, avg_batch_cost: 0.06590 sec, avg_samples: 1024.00000, ips: 15410.63 ins/s
2022-08-22 19:20:53,167 - INFO - epoch: 0, batch_id: 1330, auc: 0.808789, avg_reader_cost: 0.00011 sec, avg_batch_cost: 0.06905 sec, avg_samples: 1024.00000, ips: 14711.78 ins/s
2022-08-22 19:20:53,869 - INFO - epoch: 0, batch_id: 1340, auc: 0.808739, avg_reader_cost: 0.00012 sec, avg_batch_cost: 0.06963 sec, avg_samples: 1024.00000, ips: 14594.08 ins/s
2022-08-22 19:20:54,553 - INFO - epoch: 0, batch_id: 1350, auc: 0.808754, avg_reader_cost: 0.00012 sec, avg_batch_cost: 0.06785 sec, avg_samples: 1024.00000, ips: 14968.29 ins/s
2022-08-22 19:20:55,241 - INFO - epoch: 0, batch_id: 1360, auc: 0.808740, avg_reader_cost: 0.00013 sec, avg_batch_cost: 0.06821 sec, avg_samples: 1024.00000, ips: 14897.43 ins/s
2022-08-22 19:20:55,933 - INFO - epoch: 0, batch_id: 1370, auc: 0.808783, avg_reader_cost: 0.00013 sec, avg_batch_cost: 0.06865 sec, avg_samples: 1024.00000, ips: 14799.74 ins/s
2022-08-22 19:20:56,609 - INFO - epoch: 0, batch_id: 1380, auc: 0.808771, avg_reader_cost: 0.00012 sec, avg_batch_cost: 0.06706 sec, avg_samples: 1024.00000, ips: 15150.93 ins/s
2022-08-22 19:20:57,295 - INFO - epoch: 0, batch_id: 1390, auc: 0.808778, avg_reader_cost: 0.00013 sec, avg_batch_cost: 0.06803 sec, avg_samples: 1024.00000, ips: 14931.60 ins/s
2022-08-22 19:20:58,017 - INFO - epoch: 0, batch_id: 1400, auc: 0.808788, avg_reader_cost: 0.00012 sec, avg_batch_cost: 0.07167 sec, avg_samples: 1024.00000, ips: 14185.46 ins/s
2022-08-22 19:20:58,725 - INFO - epoch: 0, batch_id: 1410, auc: 0.808780, avg_reader_cost: 0.00012 sec, avg_batch_cost: 0.07022 sec, avg_samples: 1024.00000, ips: 14475.28 ins/s
2022-08-22 19:20:59,423 - INFO - epoch: 0, batch_id: 1420, auc: 0.808774, avg_reader_cost: 0.00013 sec, avg_batch_cost: 0.06923 sec, avg_samples: 1024.00000, ips: 14676.00 ins/s
2022-08-22 19:21:00,142 - INFO - epoch: 0, batch_id: 1430, auc: 0.808786, avg_reader_cost: 0.00013 sec, avg_batch_cost: 0.07130 sec, avg_samples: 1024.00000, ips: 14242.44 ins/s
2022-08-22 19:21:00,898 - INFO - epoch: 0, batch_id: 1440, auc: 0.808861, avg_reader_cost: 0.00014 sec, avg_batch_cost: 0.07496 sec, avg_samples: 1024.00000, ips: 13563.33 ins/s
2022-08-22 19:21:01,613 - INFO - epoch: 0, batch_id: 1450, auc: 0.808841, avg_reader_cost: 0.00014 sec, avg_batch_cost: 0.07103 sec, avg_samples: 1024.00000, ips: 14311.16 ins/s
2022-08-22 19:21:02,328 - INFO - epoch: 0, batch_id: 1460, auc: 0.808883, avg_reader_cost: 0.00013 sec, avg_batch_cost: 0.07091 sec, avg_samples: 1024.00000, ips: 14330.60 ins/s
2022-08-22 19:21:03,045 - INFO - epoch: 0, batch_id: 1470, auc: 0.809078, avg_reader_cost: 0.00013 sec, avg_batch_cost: 0.07106 sec, avg_samples: 1024.00000, ips: 14300.38 ins/s
2022-08-22 19:21:03,813 - INFO - epoch: 0, batch_id: 1480, auc: 0.809057, avg_reader_cost: 0.00012 sec, avg_batch_cost: 0.07629 sec, avg_samples: 1024.00000, ips: 13326.27 ins/s
2022-08-22 19:21:04,503 - INFO - epoch: 0, batch_id: 1490, auc: 0.809034, avg_reader_cost: 0.00009 sec, avg_batch_cost: 0.06839 sec, avg_samples: 1024.00000, ips: 14856.62 ins/s
2022-08-22 19:21:05,190 - INFO - epoch: 0, batch_id: 1500, auc: 0.809041, avg_reader_cost: 0.00012 sec, avg_batch_cost: 0.06812 sec, avg_samples: 1024.00000, ips: 14912.22 ins/s
2022-08-22 19:21:05,851 - INFO - epoch: 0, batch_id: 1510, auc: 0.808991, avg_reader_cost: 0.00012 sec, avg_batch_cost: 0.06554 sec, avg_samples: 1024.00000, ips: 15495.86 ins/s
2022-08-22 19:21:06,534 - INFO - epoch: 0, batch_id: 1520, auc: 0.808969, avg_reader_cost: 0.00012 sec, avg_batch_cost: 0.06781 sec, avg_samples: 1024.00000, ips: 14985.08 ins/s
2022-08-22 19:21:07,231 - INFO - epoch: 0, batch_id: 1530, auc: 0.808956, avg_reader_cost: 0.00012 sec, avg_batch_cost: 0.06913 sec, avg_samples: 1024.00000, ips: 14700.53 ins/s
2022-08-22 19:21:07,934 - INFO - epoch: 0, batch_id: 1540, auc: 0.808935, avg_reader_cost: 0.00011 sec, avg_batch_cost: 0.06974 sec, avg_samples: 1024.00000, ips: 14568.54 ins/s
2022-08-22 19:21:08,628 - INFO - epoch: 0, batch_id: 1550, auc: 0.808907, avg_reader_cost: 0.00012 sec, avg_batch_cost: 0.06884 sec, avg_samples: 1024.00000, ips: 14763.78 ins/s
2022-08-22 19:21:09,313 - INFO - epoch: 0, batch_id: 1560, auc: 0.808930, avg_reader_cost: 0.00012 sec, avg_batch_cost: 0.06793 sec, avg_samples: 1024.00000, ips: 14960.33 ins/s
2022-08-22 19:21:10,022 - INFO - epoch: 0, batch_id: 1570, auc: 0.808897, avg_reader_cost: 0.00011 sec, avg_batch_cost: 0.07026 sec, avg_samples: 1024.00000, ips: 14457.06 ins/s
2022-08-22 19:21:10,924 - INFO - epoch: 0, batch_id: 1580, auc: 0.808901, avg_reader_cost: 0.00015 sec, avg_batch_cost: 0.08974 sec, avg_samples: 1024.00000, ips: 11344.59 ins/s
2022-08-22 19:21:11,931 - INFO - epoch: 0, batch_id: 1590, auc: 0.808892, avg_reader_cost: 0.00044 sec, avg_batch_cost: 0.10013 sec, avg_samples: 1024.00000, ips: 10173.05 ins/s
2022-08-22 19:21:12,862 - INFO - epoch: 0, batch_id: 1600, auc: 0.808911, avg_reader_cost: 0.00015 sec, avg_batch_cost: 0.09232 sec, avg_samples: 1024.00000, ips: 11006.41 ins/s
2022-08-22 19:21:13,651 - INFO - epoch: 0, batch_id: 1610, auc: 0.808948, avg_reader_cost: 0.00033 sec, avg_batch_cost: 0.07840 sec, avg_samples: 1024.00000, ips: 12975.21 ins/s
2022-08-22 19:21:14,387 - INFO - epoch: 0, batch_id: 1620, auc: 0.808885, avg_reader_cost: 0.00014 sec, avg_batch_cost: 0.07297 sec, avg_samples: 1024.00000, ips: 13929.88 ins/s
2022-08-22 19:21:15,137 - INFO - epoch: 0, batch_id: 1630, auc: 0.808849, avg_reader_cost: 0.00011 sec, avg_batch_cost: 0.07448 sec, avg_samples: 1024.00000, ips: 13650.94 ins/s
2022-08-22 19:21:15,875 - INFO - epoch: 0, batch_id: 1640, auc: 0.808806, avg_reader_cost: 0.00012 sec, avg_batch_cost: 0.07324 sec, avg_samples: 1024.00000, ips: 13879.33 ins/s
2022-08-22 19:21:16,587 - INFO - epoch: 0, batch_id: 1650, auc: 0.808771, avg_reader_cost: 0.00012 sec, avg_batch_cost: 0.07058 sec, avg_samples: 1024.00000, ips: 14394.76 ins/s
2022-08-22 19:21:17,305 - INFO - epoch: 0, batch_id: 1660, auc: 0.808759, avg_reader_cost: 0.00013 sec, avg_batch_cost: 0.07120 sec, avg_samples: 1024.00000, ips: 14275.76 ins/s
2022-08-22 19:21:18,011 - INFO - epoch: 0, batch_id: 1670, auc: 0.808738, avg_reader_cost: 0.00013 sec, avg_batch_cost: 0.07006 sec, avg_samples: 1024.00000, ips: 14505.88 ins/s
2022-08-22 19:21:18,783 - INFO - epoch: 0, batch_id: 1680, auc: 0.808703, avg_reader_cost: 0.00012 sec, avg_batch_cost: 0.07663 sec, avg_samples: 1024.00000, ips: 13269.12 ins/s
2022-08-22 19:21:19,513 - INFO - epoch: 0, batch_id: 1690, auc: 0.808667, avg_reader_cost: 0.00010 sec, avg_batch_cost: 0.07248 sec, avg_samples: 1024.00000, ips: 14022.27 ins/s
2022-08-22 19:21:20,208 - INFO - epoch: 0, batch_id: 1700, auc: 0.808682, avg_reader_cost: 0.00011 sec, avg_batch_cost: 0.06893 sec, avg_samples: 1024.00000, ips: 14740.36 ins/s
2022-08-22 19:21:20,883 - INFO - epoch: 0, batch_id: 1710, auc: 0.808640, avg_reader_cost: 0.00009 sec, avg_batch_cost: 0.06695 sec, avg_samples: 1024.00000, ips: 15171.86 ins/s
2022-08-22 19:21:21,620 - INFO - epoch: 0, batch_id: 1720, auc: 0.808657, avg_reader_cost: 0.00009 sec, avg_batch_cost: 0.07307 sec, avg_samples: 1024.00000, ips: 13912.75 ins/s
2022-08-22 19:21:22,310 - INFO - epoch: 0, batch_id: 1730, auc: 0.808610, avg_reader_cost: 0.00011 sec, avg_batch_cost: 0.06844 sec, avg_samples: 1024.00000, ips: 14848.66 ins/s
2022-08-22 19:21:23,012 - INFO - epoch: 0, batch_id: 1740, auc: 0.808606, avg_reader_cost: 0.00014 sec, avg_batch_cost: 0.06961 sec, avg_samples: 1024.00000, ips: 14589.90 ins/s
2022-08-22 19:21:23,730 - INFO - epoch: 0, batch_id: 1750, auc: 0.808553, avg_reader_cost: 0.00013 sec, avg_batch_cost: 0.07127 sec, avg_samples: 1024.00000, ips: 14262.42 ins/s
2022-08-22 19:21:24,427 - INFO - epoch: 0, batch_id: 1760, auc: 0.808532, avg_reader_cost: 0.00010 sec, avg_batch_cost: 0.06909 sec, avg_samples: 1024.00000, ips: 14707.01 ins/s
2022-08-22 19:21:25,119 - INFO - epoch: 0, batch_id: 1770, auc: 0.808540, avg_reader_cost: 0.00012 sec, avg_batch_cost: 0.06870 sec, avg_samples: 1024.00000, ips: 14793.74 ins/s
2022-08-22 19:21:25,844 - INFO - epoch: 0, batch_id: 1780, auc: 0.808533, avg_reader_cost: 0.00014 sec, avg_batch_cost: 0.07195 sec, avg_samples: 1024.00000, ips: 14129.88 ins/s
2022-08-22 19:21:26,547 - INFO - epoch: 0, batch_id: 1790, auc: 0.808515, avg_reader_cost: 0.00013 sec, avg_batch_cost: 0.06974 sec, avg_samples: 1024.00000, ips: 14569.39 ins/s
2022-08-22 19:21:27,261 - INFO - epoch: 0, batch_id: 1800, auc: 0.808502, avg_reader_cost: 0.00015 sec, avg_batch_cost: 0.07081 sec, avg_samples: 1024.00000, ips: 14355.73 ins/s
2022-08-22 19:21:27,955 - INFO - epoch: 0, batch_id: 1810, auc: 0.808548, avg_reader_cost: 0.00013 sec, avg_batch_cost: 0.06885 sec, avg_samples: 1024.00000, ips: 14753.93 ins/s
2022-08-22 19:21:28,639 - INFO - epoch: 0, batch_id: 1820, auc: 0.808497, avg_reader_cost: 0.00012 sec, avg_batch_cost: 0.06789 sec, avg_samples: 1024.00000, ips: 14968.25 ins/s
2022-08-22 19:21:29,336 - INFO - epoch: 0, batch_id: 1830, auc: 0.808478, avg_reader_cost: 0.00014 sec, avg_batch_cost: 0.06913 sec, avg_samples: 1024.00000, ips: 14697.43 ins/s
2022-08-22 19:21:30,044 - INFO - epoch: 0, batch_id: 1840, auc: 0.808447, avg_reader_cost: 0.00013 sec, avg_batch_cost: 0.07018 sec, avg_samples: 1024.00000, ips: 14474.57 ins/s
2022-08-22 19:21:30,793 - INFO - epoch: 0, batch_id: 1850, auc: 0.808465, avg_reader_cost: 0.00014 sec, avg_batch_cost: 0.07432 sec, avg_samples: 1024.00000, ips: 13676.84 ins/s
2022-08-22 19:21:31,524 - INFO - epoch: 0, batch_id: 1860, auc: 0.808433, avg_reader_cost: 0.00013 sec, avg_batch_cost: 0.07250 sec, avg_samples: 1024.00000, ips: 14017.59 ins/s
2022-08-22 19:21:32,248 - INFO - epoch: 0, batch_id: 1870, auc: 0.808419, avg_reader_cost: 0.00012 sec, avg_batch_cost: 0.07183 sec, avg_samples: 1024.00000, ips: 14150.89 ins/s
2022-08-22 19:21:32,929 - INFO - epoch: 0, batch_id: 1880, auc: 0.808436, avg_reader_cost: 0.00011 sec, avg_batch_cost: 0.06754 sec, avg_samples: 1024.00000, ips: 15043.42 ins/s
2022-08-22 19:21:33,605 - INFO - epoch: 0, batch_id: 1890, auc: 0.808430, avg_reader_cost: 0.00010 sec, avg_batch_cost: 0.06709 sec, avg_samples: 1024.00000, ips: 15141.94 ins/s
2022-08-22 19:21:34,281 - INFO - epoch: 0, batch_id: 1900, auc: 0.808370, avg_reader_cost: 0.00011 sec, avg_batch_cost: 0.06702 sec, avg_samples: 1024.00000, ips: 15160.91 ins/s
2022-08-22 19:21:34,980 - INFO - epoch: 0, batch_id: 1910, auc: 0.808374, avg_reader_cost: 0.00012 sec, avg_batch_cost: 0.06925 sec, avg_samples: 1024.00000, ips: 14660.86 ins/s
2022-08-22 19:21:35,678 - INFO - epoch: 0, batch_id: 1920, auc: 0.808328, avg_reader_cost: 0.00013 sec, avg_batch_cost: 0.06932 sec, avg_samples: 1024.00000, ips: 14658.77 ins/s
2022-08-22 19:21:36,367 - INFO - epoch: 0, batch_id: 1930, auc: 0.808326, avg_reader_cost: 0.00012 sec, avg_batch_cost: 0.06828 sec, avg_samples: 1024.00000, ips: 14873.97 ins/s
2022-08-22 19:21:37,055 - INFO - epoch: 0, batch_id: 1940, auc: 0.808319, avg_reader_cost: 0.00011 sec, avg_batch_cost: 0.06825 sec, avg_samples: 1024.00000, ips: 14884.12 ins/s
2022-08-22 19:21:37,782 - INFO - epoch: 0, batch_id: 1950, auc: 0.808325, avg_reader_cost: 0.00012 sec, avg_batch_cost: 0.07207 sec, avg_samples: 1024.00000, ips: 14107.34 ins/s
2022-08-22 19:21:38,503 - INFO - epoch: 0, batch_id: 1960, auc: 0.808335, avg_reader_cost: 0.00013 sec, avg_batch_cost: 0.07157 sec, avg_samples: 1024.00000, ips: 14197.52 ins/s
2022-08-22 19:21:39,201 - INFO - epoch: 0, batch_id: 1970, auc: 0.808303, avg_reader_cost: 0.00012 sec, avg_batch_cost: 0.06921 sec, avg_samples: 1024.00000, ips: 14678.15 ins/s
2022-08-22 19:21:39,902 - INFO - epoch: 0, batch_id: 1980, auc: 0.808272, avg_reader_cost: 0.00013 sec, avg_batch_cost: 0.06952 sec, avg_samples: 1024.00000, ips: 14617.88 ins/s
2022-08-22 19:21:40,602 - INFO - epoch: 0, batch_id: 1990, auc: 0.808233, avg_reader_cost: 0.00013 sec, avg_batch_cost: 0.06942 sec, avg_samples: 1024.00000, ips: 14634.72 ins/s
2022-08-22 19:21:41,300 - INFO - epoch: 0, batch_id: 2000, auc: 0.808249, avg_reader_cost: 0.00014 sec, avg_batch_cost: 0.06925 sec, avg_samples: 1024.00000, ips: 14672.78 ins/s
2022-08-22 19:21:42,001 - INFO - epoch: 0, batch_id: 2010, auc: 0.808264, avg_reader_cost: 0.00014 sec, avg_batch_cost: 0.06954 sec, avg_samples: 1024.00000, ips: 14611.24 ins/s
2022-08-22 19:21:42,688 - INFO - epoch: 0, batch_id: 2020, auc: 0.808232, avg_reader_cost: 0.00013 sec, avg_batch_cost: 0.06816 sec, avg_samples: 1024.00000, ips: 14904.15 ins/s
2022-08-22 19:21:43,377 - INFO - epoch: 0, batch_id: 2030, auc: 0.808307, avg_reader_cost: 0.00013 sec, avg_batch_cost: 0.06825 sec, avg_samples: 1024.00000, ips: 14884.75 ins/s
2022-08-22 19:21:44,060 - INFO - epoch: 0, batch_id: 2040, auc: 0.808280, avg_reader_cost: 0.00012 sec, avg_batch_cost: 0.06774 sec, avg_samples: 1024.00000, ips: 14995.58 ins/s
2022-08-22 19:21:44,742 - INFO - epoch: 0, batch_id: 2050, auc: 0.808296, avg_reader_cost: 0.00011 sec, avg_batch_cost: 0.06761 sec, avg_samples: 1024.00000, ips: 15023.71 ins/s
2022-08-22 19:21:45,554 - INFO - epoch: 0, batch_id: 2060, auc: 0.808308, avg_reader_cost: 0.00014 sec, avg_batch_cost: 0.08065 sec, avg_samples: 1024.00000, ips: 12610.99 ins/s
2022-08-22 19:21:46,319 - INFO - epoch: 0, batch_id: 2070, auc: 0.808318, avg_reader_cost: 0.00013 sec, avg_batch_cost: 0.07587 sec, avg_samples: 1024.00000, ips: 13393.72 ins/s
2022-08-22 19:21:47,079 - INFO - epoch: 0, batch_id: 2080, auc: 0.808349, avg_reader_cost: 0.00013 sec, avg_batch_cost: 0.07541 sec, avg_samples: 1024.00000, ips: 13481.48 ins/s
2022-08-22 19:21:47,819 - INFO - epoch: 0, batch_id: 2090, auc: 0.808319, avg_reader_cost: 0.00013 sec, avg_batch_cost: 0.07343 sec, avg_samples: 1024.00000, ips: 13839.61 ins/s
2022-08-22 19:21:48,606 - INFO - epoch: 0, batch_id: 2100, auc: 0.808302, avg_reader_cost: 0.00013 sec, avg_batch_cost: 0.07814 sec, avg_samples: 1024.00000, ips: 13019.11 ins/s
2022-08-22 19:21:49,355 - INFO - epoch: 0, batch_id: 2110, auc: 0.808283, avg_reader_cost: 0.00012 sec, avg_batch_cost: 0.07438 sec, avg_samples: 1024.00000, ips: 13670.54 ins/s
2022-08-22 19:21:50,118 - INFO - epoch: 0, batch_id: 2120, auc: 0.808259, avg_reader_cost: 0.00012 sec, avg_batch_cost: 0.07569 sec, avg_samples: 1024.00000, ips: 13430.45 ins/s
2022-08-22 19:21:50,865 - INFO - epoch: 0, batch_id: 2130, auc: 0.808269, avg_reader_cost: 0.00012 sec, avg_batch_cost: 0.07417 sec, avg_samples: 1024.00000, ips: 13705.38 ins/s
2022-08-22 19:21:51,621 - INFO - epoch: 0, batch_id: 2140, auc: 0.808284, avg_reader_cost: 0.00011 sec, avg_batch_cost: 0.07503 sec, avg_samples: 1024.00000, ips: 13552.54 ins/s
2022-08-22 19:21:52,372 - INFO - epoch: 0, batch_id: 2150, auc: 0.808355, avg_reader_cost: 0.00013 sec, avg_batch_cost: 0.07453 sec, avg_samples: 1024.00000, ips: 13643.61 ins/s
2022-08-22 19:21:53,142 - INFO - epoch: 0, batch_id: 2160, auc: 0.808415, avg_reader_cost: 0.00013 sec, avg_batch_cost: 0.07644 sec, avg_samples: 1024.00000, ips: 13300.41 ins/s
2022-08-22 19:21:53,891 - INFO - epoch: 0, batch_id: 2170, auc: 0.808464, avg_reader_cost: 0.00014 sec, avg_batch_cost: 0.07433 sec, avg_samples: 1024.00000, ips: 13674.28 ins/s
2022-08-22 19:21:54,634 - INFO - epoch: 0, batch_id: 2180, auc: 0.808457, avg_reader_cost: 0.00013 sec, avg_batch_cost: 0.07370 sec, avg_samples: 1024.00000, ips: 13794.26 ins/s
2022-08-22 19:21:55,433 - INFO - epoch: 0, batch_id: 2190, auc: 0.808434, avg_reader_cost: 0.00014 sec, avg_batch_cost: 0.07941 sec, avg_samples: 1024.00000, ips: 12810.37 ins/s
2022-08-22 19:21:56,179 - INFO - epoch: 0, batch_id: 2200, auc: 0.808453, avg_reader_cost: 0.00013 sec, avg_batch_cost: 0.07398 sec, avg_samples: 1024.00000, ips: 13741.85 ins/s
2022-08-22 19:21:56,967 - INFO - epoch: 0, batch_id: 2210, auc: 0.808465, avg_reader_cost: 0.00022 sec, avg_batch_cost: 0.07833 sec, avg_samples: 1024.00000, ips: 12986.76 ins/s
2022-08-22 19:21:57,724 - INFO - epoch: 0, batch_id: 2220, auc: 0.808477, avg_reader_cost: 0.00013 sec, avg_batch_cost: 0.07507 sec, avg_samples: 1024.00000, ips: 13546.73 ins/s
2022-08-22 19:21:58,467 - INFO - epoch: 0, batch_id: 2230, auc: 0.808481, avg_reader_cost: 0.00013 sec, avg_batch_cost: 0.07379 sec, avg_samples: 1024.00000, ips: 13779.28 ins/s
2022-08-22 19:21:59,216 - INFO - epoch: 0, batch_id: 2240, auc: 0.808471, avg_reader_cost: 0.00014 sec, avg_batch_cost: 0.07434 sec, avg_samples: 1024.00000, ips: 13673.99 ins/s
2022-08-22 19:21:59,967 - INFO - epoch: 0, batch_id: 2250, auc: 0.808421, avg_reader_cost: 0.00010 sec, avg_batch_cost: 0.07453 sec, avg_samples: 1024.00000, ips: 13637.24 ins/s
2022-08-22 19:22:00,734 - INFO - epoch: 0, batch_id: 2260, auc: 0.808407, avg_reader_cost: 0.00014 sec, avg_batch_cost: 0.07605 sec, avg_samples: 1024.00000, ips: 13367.75 ins/s
2022-08-22 19:22:01,428 - INFO - epoch: 0, batch_id: 2270, auc: 0.808364, avg_reader_cost: 0.00012 sec, avg_batch_cost: 0.06888 sec, avg_samples: 1024.00000, ips: 14746.97 ins/s
2022-08-22 19:22:02,152 - INFO - epoch: 0, batch_id: 2280, auc: 0.808366, avg_reader_cost: 0.00013 sec, avg_batch_cost: 0.07178 sec, avg_samples: 1024.00000, ips: 14154.96 ins/s
2022-08-22 19:22:02,950 - INFO - epoch: 0, batch_id: 2290, auc: 0.808336, avg_reader_cost: 0.00013 sec, avg_batch_cost: 0.07927 sec, avg_samples: 1024.00000, ips: 12828.46 ins/s
2022-08-22 19:22:03,693 - INFO - epoch: 0, batch_id: 2300, auc: 0.808307, avg_reader_cost: 0.00012 sec, avg_batch_cost: 0.07364 sec, avg_samples: 1024.00000, ips: 13802.24 ins/s
2022-08-22 19:22:04,416 - INFO - epoch: 0, batch_id: 2310, auc: 0.808299, avg_reader_cost: 0.00012 sec, avg_batch_cost: 0.07175 sec, avg_samples: 1024.00000, ips: 14158.10 ins/s
2022-08-22 19:22:05,156 - INFO - epoch: 0, batch_id: 2320, auc: 0.808292, avg_reader_cost: 0.00013 sec, avg_batch_cost: 0.07345 sec, avg_samples: 1024.00000, ips: 13843.96 ins/s
2022-08-22 19:22:05,875 - INFO - epoch: 0, batch_id: 2330, auc: 0.808276, avg_reader_cost: 0.00012 sec, avg_batch_cost: 0.07135 sec, avg_samples: 1024.00000, ips: 14243.13 ins/s
2022-08-22 19:22:06,680 - INFO - epoch: 0, batch_id: 2340, auc: 0.808224, avg_reader_cost: 0.00013 sec, avg_batch_cost: 0.07986 sec, avg_samples: 1024.00000, ips: 12737.86 ins/s
2022-08-22 19:22:07,390 - INFO - epoch: 0, batch_id: 2350, auc: 0.808194, avg_reader_cost: 0.00014 sec, avg_batch_cost: 0.07052 sec, avg_samples: 1024.00000, ips: 14413.82 ins/s
2022-08-22 19:22:08,088 - INFO - epoch: 0, batch_id: 2360, auc: 0.808184, avg_reader_cost: 0.00014 sec, avg_batch_cost: 0.06928 sec, avg_samples: 1024.00000, ips: 14672.29 ins/s
2022-08-22 19:22:08,806 - INFO - epoch: 0, batch_id: 2370, auc: 0.808220, avg_reader_cost: 0.00013 sec, avg_batch_cost: 0.07121 sec, avg_samples: 1024.00000, ips: 14270.52 ins/s
2022-08-22 19:22:09,497 - INFO - epoch: 0, batch_id: 2380, auc: 0.808220, avg_reader_cost: 0.00013 sec, avg_batch_cost: 0.06854 sec, avg_samples: 1024.00000, ips: 14821.67 ins/s
2022-08-22 19:22:10,189 - INFO - epoch: 0, batch_id: 2390, auc: 0.808190, avg_reader_cost: 0.00013 sec, avg_batch_cost: 0.06852 sec, avg_samples: 1024.00000, ips: 14821.76 ins/s
2022-08-22 19:22:10,906 - INFO - epoch: 0, batch_id: 2400, auc: 0.808203, avg_reader_cost: 0.00012 sec, avg_batch_cost: 0.07121 sec, avg_samples: 1024.00000, ips: 14274.79 ins/s
2022-08-22 19:22:11,591 - INFO - epoch: 0, batch_id: 2410, auc: 0.808226, avg_reader_cost: 0.00011 sec, avg_batch_cost: 0.06788 sec, avg_samples: 1024.00000, ips: 14968.09 ins/s
2022-08-22 19:22:12,314 - INFO - epoch: 0, batch_id: 2420, auc: 0.808204, avg_reader_cost: 0.00011 sec, avg_batch_cost: 0.07175 sec, avg_samples: 1024.00000, ips: 14168.75 ins/s
2022-08-22 19:22:13,000 - INFO - epoch: 0, batch_id: 2430, auc: 0.808192, avg_reader_cost: 0.00011 sec, avg_batch_cost: 0.06804 sec, avg_samples: 1024.00000, ips: 14932.19 ins/s
2022-08-22 19:22:13,699 - INFO - epoch: 0, batch_id: 2440, auc: 0.808181, avg_reader_cost: 0.00012 sec, avg_batch_cost: 0.06940 sec, avg_samples: 1024.00000, ips: 14642.31 ins/s
2022-08-22 19:22:14,400 - INFO - epoch: 0, batch_id: 2450, auc: 0.808190, avg_reader_cost: 0.00012 sec, avg_batch_cost: 0.06931 sec, avg_samples: 1024.00000, ips: 14614.17 ins/s
2022-08-22 19:22:15,433 - INFO - epoch: 0, batch_id: 2460, auc: 0.808209, avg_reader_cost: 0.00104 sec, avg_batch_cost: 0.10265 sec, avg_samples: 1024.00000, ips: 9914.48 ins/s
2022-08-22 19:22:16,457 - INFO - epoch: 0, batch_id: 2470, auc: 0.808226, avg_reader_cost: 0.00054 sec, avg_batch_cost: 0.10174 sec, avg_samples: 1024.00000, ips: 10011.31 ins/s
2022-08-22 19:22:17,271 - INFO - epoch: 0, batch_id: 2480, auc: 0.808210, avg_reader_cost: 0.00029 sec, avg_batch_cost: 0.08089 sec, avg_samples: 1024.00000, ips: 12575.47 ins/s
2022-08-22 19:22:18,027 - INFO - epoch: 0, batch_id: 2490, auc: 0.808179, avg_reader_cost: 0.00013 sec, avg_batch_cost: 0.07504 sec, avg_samples: 1024.00000, ips: 13546.15 ins/s
2022-08-22 19:22:18,766 - INFO - epoch: 0, batch_id: 2500, auc: 0.808177, avg_reader_cost: 0.00013 sec, avg_batch_cost: 0.07326 sec, avg_samples: 1024.00000, ips: 13875.89 ins/s
2022-08-22 19:22:19,434 - INFO - epoch: 0, batch_id: 2510, auc: 0.808189, avg_reader_cost: 0.00010 sec, avg_batch_cost: 0.06630 sec, avg_samples: 1024.00000, ips: 15324.55 ins/s
2022-08-22 19:22:20,124 - INFO - epoch: 0, batch_id: 2520, auc: 0.808200, avg_reader_cost: 0.00012 sec, avg_batch_cost: 0.06848 sec, avg_samples: 1024.00000, ips: 14836.47 ins/s
2022-08-22 19:22:20,870 - INFO - epoch: 0, batch_id: 2530, auc: 0.808208, avg_reader_cost: 0.00012 sec, avg_batch_cost: 0.07400 sec, avg_samples: 1024.00000, ips: 13737.35 ins/s
2022-08-22 19:22:21,551 - INFO - epoch: 0, batch_id: 2540, auc: 0.808200, avg_reader_cost: 0.00012 sec, avg_batch_cost: 0.06753 sec, avg_samples: 1024.00000, ips: 15043.48 ins/s
2022-08-22 19:22:22,255 - INFO - epoch: 0, batch_id: 2550, auc: 0.808200, avg_reader_cost: 0.00013 sec, avg_batch_cost: 0.06980 sec, avg_samples: 1024.00000, ips: 14556.62 ins/s
2022-08-22 19:22:22,948 - INFO - epoch: 0, batch_id: 2560, auc: 0.808201, avg_reader_cost: 0.00014 sec, avg_batch_cost: 0.06879 sec, avg_samples: 1024.00000, ips: 14772.45 ins/s
2022-08-22 19:22:23,673 - INFO - epoch: 0, batch_id: 2570, auc: 0.808181, avg_reader_cost: 0.00013 sec, avg_batch_cost: 0.07192 sec, avg_samples: 1024.00000, ips: 14126.97 ins/s
2022-08-22 19:22:24,383 - INFO - epoch: 0, batch_id: 2580, auc: 0.808156, avg_reader_cost: 0.00014 sec, avg_batch_cost: 0.07041 sec, avg_samples: 1024.00000, ips: 14434.24 ins/s
2022-08-22 19:22:25,111 - INFO - epoch: 0, batch_id: 2590, auc: 0.808140, avg_reader_cost: 0.00015 sec, avg_batch_cost: 0.07224 sec, avg_samples: 1024.00000, ips: 14071.17 ins/s
2022-08-22 19:22:25,826 - INFO - epoch: 0, batch_id: 2600, auc: 0.808133, avg_reader_cost: 0.00015 sec, avg_batch_cost: 0.07089 sec, avg_samples: 1024.00000, ips: 14329.81 ins/s
2022-08-22 19:22:26,531 - INFO - epoch: 0, batch_id: 2610, auc: 0.808120, avg_reader_cost: 0.00014 sec, avg_batch_cost: 0.06989 sec, avg_samples: 1024.00000, ips: 14537.28 ins/s
2022-08-22 19:22:27,262 - INFO - epoch: 0, batch_id: 2620, auc: 0.808102, avg_reader_cost: 0.00013 sec, avg_batch_cost: 0.07258 sec, avg_samples: 1024.00000, ips: 14004.06 ins/s
2022-08-22 19:22:27,972 - INFO - epoch: 0, batch_id: 2630, auc: 0.808079, avg_reader_cost: 0.00014 sec, avg_batch_cost: 0.07040 sec, avg_samples: 1024.00000, ips: 14435.92 ins/s
2022-08-22 19:22:28,676 - INFO - epoch: 0, batch_id: 2640, auc: 0.808059, avg_reader_cost: 0.00011 sec, avg_batch_cost: 0.06983 sec, avg_samples: 1024.00000, ips: 14556.00 ins/s
2022-08-22 19:22:29,430 - INFO - epoch: 0, batch_id: 2650, auc: 0.808054, avg_reader_cost: 0.00011 sec, avg_batch_cost: 0.07487 sec, avg_samples: 1024.00000, ips: 13581.22 ins/s
2022-08-22 19:22:30,213 - INFO - epoch: 0, batch_id: 2660, auc: 0.808031, avg_reader_cost: 0.00013 sec, avg_batch_cost: 0.07753 sec, avg_samples: 1024.00000, ips: 13074.51 ins/s
2022-08-22 19:22:30,945 - INFO - epoch: 0, batch_id: 2670, auc: 0.808037, avg_reader_cost: 0.00013 sec, avg_batch_cost: 0.07259 sec, avg_samples: 1024.00000, ips: 14003.80 ins/s
2022-08-22 19:22:31,649 - INFO - epoch: 0, batch_id: 2680, auc: 0.808035, avg_reader_cost: 0.00010 sec, avg_batch_cost: 0.06985 sec, avg_samples: 1024.00000, ips: 14550.61 ins/s
2022-08-22 19:22:32,341 - INFO - epoch: 0, batch_id: 2690, auc: 0.808028, avg_reader_cost: 0.00012 sec, avg_batch_cost: 0.06859 sec, avg_samples: 1024.00000, ips: 14812.84 ins/s
2022-08-22 19:22:33,027 - INFO - epoch: 0, batch_id: 2700, auc: 0.808000, avg_reader_cost: 0.00013 sec, avg_batch_cost: 0.06808 sec, avg_samples: 1024.00000, ips: 14921.89 ins/s
2022-08-22 19:22:33,727 - INFO - epoch: 0, batch_id: 2710, auc: 0.807983, avg_reader_cost: 0.00011 sec, avg_batch_cost: 0.06946 sec, avg_samples: 1024.00000, ips: 14629.89 ins/s
2022-08-22 19:22:34,422 - INFO - epoch: 0, batch_id: 2720, auc: 0.807959, avg_reader_cost: 0.00010 sec, avg_batch_cost: 0.06888 sec, avg_samples: 1024.00000, ips: 14743.63 ins/s
2022-08-22 19:22:35,117 - INFO - epoch: 0, batch_id: 2730, auc: 0.807963, avg_reader_cost: 0.00012 sec, avg_batch_cost: 0.06889 sec, avg_samples: 1024.00000, ips: 14747.77 ins/s
2022-08-22 19:22:35,843 - INFO - epoch: 0, batch_id: 2740, auc: 0.807981, avg_reader_cost: 0.00014 sec, avg_batch_cost: 0.07209 sec, avg_samples: 1024.00000, ips: 14097.77 ins/s
2022-08-22 19:22:36,609 - INFO - epoch: 0, batch_id: 2750, auc: 0.807954, avg_reader_cost: 0.00014 sec, avg_batch_cost: 0.07601 sec, avg_samples: 1024.00000, ips: 13373.95 ins/s
2022-08-22 19:22:37,365 - INFO - epoch: 0, batch_id: 2760, auc: 0.807917, avg_reader_cost: 0.00014 sec, avg_batch_cost: 0.07505 sec, avg_samples: 1024.00000, ips: 13547.10 ins/s
2022-08-22 19:22:38,130 - INFO - epoch: 0, batch_id: 2770, auc: 0.807902, avg_reader_cost: 0.00013 sec, avg_batch_cost: 0.07594 sec, avg_samples: 1024.00000, ips: 13391.86 ins/s
2022-08-22 19:22:38,919 - INFO - epoch: 0, batch_id: 2780, auc: 0.807930, avg_reader_cost: 0.00013 sec, avg_batch_cost: 0.07833 sec, avg_samples: 1024.00000, ips: 12984.53 ins/s
2022-08-22 19:22:39,666 - INFO - epoch: 0, batch_id: 2790, auc: 0.807907, avg_reader_cost: 0.00012 sec, avg_batch_cost: 0.07417 sec, avg_samples: 1024.00000, ips: 13710.08 ins/s
2022-08-22 19:22:40,381 - INFO - epoch: 0, batch_id: 2800, auc: 0.807924, avg_reader_cost: 0.00013 sec, avg_batch_cost: 0.07086 sec, avg_samples: 1024.00000, ips: 14340.27 ins/s
2022-08-22 19:22:41,142 - INFO - epoch: 0, batch_id: 2810, auc: 0.807911, avg_reader_cost: 0.00013 sec, avg_batch_cost: 0.07555 sec, avg_samples: 1024.00000, ips: 13456.02 ins/s
2022-08-22 19:22:41,824 - INFO - epoch: 0, batch_id: 2820, auc: 0.807904, avg_reader_cost: 0.00013 sec, avg_batch_cost: 0.06760 sec, avg_samples: 1024.00000, ips: 15029.43 ins/s
2022-08-22 19:22:42,531 - INFO - epoch: 0, batch_id: 2830, auc: 0.807874, avg_reader_cost: 0.00013 sec, avg_batch_cost: 0.07019 sec, avg_samples: 1024.00000, ips: 14481.62 ins/s
2022-08-22 19:22:43,252 - INFO - epoch: 0, batch_id: 2840, auc: 0.807873, avg_reader_cost: 0.00012 sec, avg_batch_cost: 0.07154 sec, avg_samples: 1024.00000, ips: 14206.19 ins/s
2022-08-22 19:22:43,951 - INFO - epoch: 0, batch_id: 2850, auc: 0.807903, avg_reader_cost: 0.00013 sec, avg_batch_cost: 0.06935 sec, avg_samples: 1024.00000, ips: 14652.63 ins/s
2022-08-22 19:22:44,653 - INFO - epoch: 0, batch_id: 2860, auc: 0.807934, avg_reader_cost: 0.00010 sec, avg_batch_cost: 0.06959 sec, avg_samples: 1024.00000, ips: 14604.55 ins/s
2022-08-22 19:22:45,392 - INFO - epoch: 0, batch_id: 2870, auc: 0.808009, avg_reader_cost: 0.00012 sec, avg_batch_cost: 0.07334 sec, avg_samples: 1024.00000, ips: 13859.43 ins/s
2022-08-22 19:22:46,090 - INFO - epoch: 0, batch_id: 2880, auc: 0.808052, avg_reader_cost: 0.00013 sec, avg_batch_cost: 0.06929 sec, avg_samples: 1024.00000, ips: 14664.00 ins/s
2022-08-22 19:22:46,832 - INFO - epoch: 0, batch_id: 2890, auc: 0.808027, avg_reader_cost: 0.00014 sec, avg_batch_cost: 0.07362 sec, avg_samples: 1024.00000, ips: 13813.36 ins/s
2022-08-22 19:22:47,528 - INFO - epoch: 0, batch_id: 2900, auc: 0.808005, avg_reader_cost: 0.00013 sec, avg_batch_cost: 0.06898 sec, avg_samples: 1024.00000, ips: 14727.53 ins/s
2022-08-22 19:22:48,207 - INFO - epoch: 0, batch_id: 2910, auc: 0.807978, avg_reader_cost: 0.00010 sec, avg_batch_cost: 0.06742 sec, avg_samples: 1024.00000, ips: 15071.35 ins/s
2022-08-22 19:22:48,898 - INFO - epoch: 0, batch_id: 2920, auc: 0.807970, avg_reader_cost: 0.00012 sec, avg_batch_cost: 0.06847 sec, avg_samples: 1024.00000, ips: 14837.59 ins/s
2022-08-22 19:22:49,622 - INFO - epoch: 0, batch_id: 2930, auc: 0.807941, avg_reader_cost: 0.00013 sec, avg_batch_cost: 0.07175 sec, avg_samples: 1024.00000, ips: 14138.48 ins/s
2022-08-22 19:22:50,330 - INFO - epoch: 0, batch_id: 2940, auc: 0.807918, avg_reader_cost: 0.00014 sec, avg_batch_cost: 0.07020 sec, avg_samples: 1024.00000, ips: 14473.12 ins/s
2022-08-22 19:22:51,055 - INFO - epoch: 0, batch_id: 2950, auc: 0.807908, avg_reader_cost: 0.00013 sec, avg_batch_cost: 0.07197 sec, avg_samples: 1024.00000, ips: 14125.11 ins/s
2022-08-22 19:22:51,753 - INFO - epoch: 0, batch_id: 2960, auc: 0.807884, avg_reader_cost: 0.00014 sec, avg_batch_cost: 0.06921 sec, avg_samples: 1024.00000, ips: 14683.16 ins/s
2022-08-22 19:22:52,455 - INFO - epoch: 0, batch_id: 2970, auc: 0.807863, avg_reader_cost: 0.00014 sec, avg_batch_cost: 0.06964 sec, avg_samples: 1024.00000, ips: 14591.99 ins/s
2022-08-22 19:22:53,153 - INFO - epoch: 0, batch_id: 2980, auc: 0.807875, avg_reader_cost: 0.00014 sec, avg_batch_cost: 0.06925 sec, avg_samples: 1024.00000, ips: 14676.33 ins/s
2022-08-22 19:22:53,843 - INFO - epoch: 0, batch_id: 2990, auc: 0.807852, avg_reader_cost: 0.00014 sec, avg_batch_cost: 0.06846 sec, avg_samples: 1024.00000, ips: 14842.77 ins/s
2022-08-22 19:22:54,562 - INFO - epoch: 0, batch_id: 3000, auc: 0.807855, avg_reader_cost: 0.00013 sec, avg_batch_cost: 0.07133 sec, avg_samples: 1024.00000, ips: 14248.96 ins/s
2022-08-22 19:22:55,260 - INFO - epoch: 0, batch_id: 3010, auc: 0.807845, avg_reader_cost: 0.00015 sec, avg_batch_cost: 0.06919 sec, avg_samples: 1024.00000, ips: 14682.26 ins/s
2022-08-22 19:22:55,945 - INFO - epoch: 0, batch_id: 3020, auc: 0.807835, avg_reader_cost: 0.00011 sec, avg_batch_cost: 0.06794 sec, avg_samples: 1024.00000, ips: 14956.29 ins/s
2022-08-22 19:22:56,623 - INFO - epoch: 0, batch_id: 3030, auc: 0.807848, avg_reader_cost: 0.00011 sec, avg_batch_cost: 0.06730 sec, avg_samples: 1024.00000, ips: 15095.48 ins/s
2022-08-22 19:22:57,351 - INFO - epoch: 0, batch_id: 3040, auc: 0.807822, avg_reader_cost: 0.00012 sec, avg_batch_cost: 0.07221 sec, avg_samples: 1024.00000, ips: 14076.95 ins/s
2022-08-22 19:22:58,030 - INFO - epoch: 0, batch_id: 3050, auc: 0.807815, avg_reader_cost: 0.00012 sec, avg_batch_cost: 0.06730 sec, avg_samples: 1024.00000, ips: 15093.18 ins/s
2022-08-22 19:22:58,740 - INFO - epoch: 0, batch_id: 3060, auc: 0.807811, avg_reader_cost: 0.00014 sec, avg_batch_cost: 0.07043 sec, avg_samples: 1024.00000, ips: 14428.29 ins/s
2022-08-22 19:22:59,435 - INFO - epoch: 0, batch_id: 3070, auc: 0.807807, avg_reader_cost: 0.00012 sec, avg_batch_cost: 0.06898 sec, avg_samples: 1024.00000, ips: 14729.70 ins/s
2022-08-22 19:23:00,164 - INFO - epoch: 0, batch_id: 3080, auc: 0.807793, avg_reader_cost: 0.00013 sec, avg_batch_cost: 0.07235 sec, avg_samples: 1024.00000, ips: 14052.40 ins/s
2022-08-22 19:23:00,887 - INFO - epoch: 0, batch_id: 3090, auc: 0.807809, avg_reader_cost: 0.00013 sec, avg_batch_cost: 0.07174 sec, avg_samples: 1024.00000, ips: 14164.17 ins/s
2022-08-22 19:23:01,584 - INFO - epoch: 0, batch_id: 3100, auc: 0.807833, avg_reader_cost: 0.00013 sec, avg_batch_cost: 0.06907 sec, avg_samples: 1024.00000, ips: 14708.74 ins/s
2022-08-22 19:23:02,296 - INFO - epoch: 0, batch_id: 3110, auc: 0.807826, avg_reader_cost: 0.00012 sec, avg_batch_cost: 0.07062 sec, avg_samples: 1024.00000, ips: 14389.56 ins/s
2022-08-22 19:23:03,017 - INFO - epoch: 0, batch_id: 3120, auc: 0.807827, avg_reader_cost: 0.00014 sec, avg_batch_cost: 0.07154 sec, avg_samples: 1024.00000, ips: 14199.30 ins/s
2022-08-22 19:23:03,755 - INFO - epoch: 0, batch_id: 3130, auc: 0.807816, avg_reader_cost: 0.00013 sec, avg_batch_cost: 0.07322 sec, avg_samples: 1024.00000, ips: 13888.08 ins/s
2022-08-22 19:23:04,459 - INFO - epoch: 0, batch_id: 3140, auc: 0.807821, avg_reader_cost: 0.00013 sec, avg_batch_cost: 0.06988 sec, avg_samples: 1024.00000, ips: 14546.37 ins/s
2022-08-22 19:23:05,173 - INFO - epoch: 0, batch_id: 3150, auc: 0.807842, avg_reader_cost: 0.00013 sec, avg_batch_cost: 0.07078 sec, avg_samples: 1024.00000, ips: 14353.51 ins/s
2022-08-22 19:23:05,883 - INFO - epoch: 0, batch_id: 3160, auc: 0.807856, avg_reader_cost: 0.00012 sec, avg_batch_cost: 0.07051 sec, avg_samples: 1024.00000, ips: 14410.27 ins/s
2022-08-22 19:23:06,586 - INFO - epoch: 0, batch_id: 3170, auc: 0.807866, avg_reader_cost: 0.00011 sec, avg_batch_cost: 0.06970 sec, avg_samples: 1024.00000, ips: 14579.09 ins/s
2022-08-22 19:23:07,294 - INFO - epoch: 0, batch_id: 3180, auc: 0.807898, avg_reader_cost: 0.00011 sec, avg_batch_cost: 0.07022 sec, avg_samples: 1024.00000, ips: 14473.31 ins/s
2022-08-22 19:23:07,995 - INFO - epoch: 0, batch_id: 3190, auc: 0.807910, avg_reader_cost: 0.00012 sec, avg_batch_cost: 0.06951 sec, avg_samples: 1024.00000, ips: 14612.05 ins/s
2022-08-22 19:23:08,708 - INFO - epoch: 0, batch_id: 3200, auc: 0.807890, avg_reader_cost: 0.00013 sec, avg_batch_cost: 0.07069 sec, avg_samples: 1024.00000, ips: 14372.94 ins/s
2022-08-22 19:23:09,403 - INFO - epoch: 0, batch_id: 3210, auc: 0.807888, avg_reader_cost: 0.00013 sec, avg_batch_cost: 0.06898 sec, avg_samples: 1024.00000, ips: 14729.14 ins/s
2022-08-22 19:23:10,097 - INFO - epoch: 0, batch_id: 3220, auc: 0.807890, avg_reader_cost: 0.00013 sec, avg_batch_cost: 0.06884 sec, avg_samples: 1024.00000, ips: 14760.99 ins/s
2022-08-22 19:23:10,811 - INFO - epoch: 0, batch_id: 3230, auc: 0.807882, avg_reader_cost: 0.00010 sec, avg_batch_cost: 0.07086 sec, avg_samples: 1024.00000, ips: 14347.25 ins/s
2022-08-22 19:23:11,515 - INFO - epoch: 0, batch_id: 3240, auc: 0.807892, avg_reader_cost: 0.00010 sec, avg_batch_cost: 0.06983 sec, avg_samples: 1024.00000, ips: 14551.89 ins/s
2022-08-22 19:23:12,208 - INFO - epoch: 0, batch_id: 3250, auc: 0.807890, avg_reader_cost: 0.00010 sec, avg_batch_cost: 0.06871 sec, avg_samples: 1024.00000, ips: 14791.12 ins/s
2022-08-22 19:23:12,911 - INFO - epoch: 0, batch_id: 3260, auc: 0.807872, avg_reader_cost: 0.00011 sec, avg_batch_cost: 0.06977 sec, avg_samples: 1024.00000, ips: 14566.63 ins/s
2022-08-22 19:23:13,601 - INFO - epoch: 0, batch_id: 3270, auc: 0.807860, avg_reader_cost: 0.00012 sec, avg_batch_cost: 0.06849 sec, avg_samples: 1024.00000, ips: 14832.93 ins/s
2022-08-22 19:23:14,340 - INFO - epoch: 0, batch_id: 3280, auc: 0.807872, avg_reader_cost: 0.00011 sec, avg_batch_cost: 0.07333 sec, avg_samples: 1024.00000, ips: 13863.43 ins/s
2022-08-22 19:23:15,045 - INFO - epoch: 0, batch_id: 3290, auc: 0.807883, avg_reader_cost: 0.00010 sec, avg_batch_cost: 0.06988 sec, avg_samples: 1024.00000, ips: 14532.74 ins/s
2022-08-22 19:23:15,782 - INFO - epoch: 0, batch_id: 3300, auc: 0.807881, avg_reader_cost: 0.00013 sec, avg_batch_cost: 0.07315 sec, avg_samples: 1024.00000, ips: 13894.61 ins/s
2022-08-22 19:23:16,484 - INFO - epoch: 0, batch_id: 3310, auc: 0.807876, avg_reader_cost: 0.00013 sec, avg_batch_cost: 0.06958 sec, avg_samples: 1024.00000, ips: 14608.54 ins/s
2022-08-22 19:23:17,200 - INFO - epoch: 0, batch_id: 3320, auc: 0.807881, avg_reader_cost: 0.00014 sec, avg_batch_cost: 0.07111 sec, avg_samples: 1024.00000, ips: 14296.95 ins/s
2022-08-22 19:23:17,900 - INFO - epoch: 0, batch_id: 3330, auc: 0.807876, avg_reader_cost: 0.00014 sec, avg_batch_cost: 0.06934 sec, avg_samples: 1024.00000, ips: 14649.04 ins/s
2022-08-22 19:23:18,623 - INFO - epoch: 0, batch_id: 3340, auc: 0.807886, avg_reader_cost: 0.00013 sec, avg_batch_cost: 0.07143 sec, avg_samples: 1024.00000, ips: 14166.55 ins/s
2022-08-22 19:23:19,583 - INFO - epoch: 0, batch_id: 3350, auc: 0.807864, avg_reader_cost: 0.00025 sec, avg_batch_cost: 0.09540 sec, avg_samples: 1024.00000, ips: 10666.88 ins/s
2022-08-22 19:23:20,661 - INFO - epoch: 0, batch_id: 3360, auc: 0.807824, avg_reader_cost: 0.00016 sec, avg_batch_cost: 0.10720 sec, avg_samples: 1024.00000, ips: 9503.83 ins/s
2022-08-22 19:23:21,463 - INFO - epoch: 0, batch_id: 3370, auc: 0.807814, avg_reader_cost: 0.00032 sec, avg_batch_cost: 0.07965 sec, avg_samples: 1024.00000, ips: 12766.23 ins/s
2022-08-22 19:23:22,298 - INFO - epoch: 0, batch_id: 3380, auc: 0.807813, avg_reader_cost: 0.00014 sec, avg_batch_cost: 0.08298 sec, avg_samples: 1024.00000, ips: 12263.25 ins/s
2022-08-22 19:23:23,005 - INFO - epoch: 0, batch_id: 3390, auc: 0.807789, avg_reader_cost: 0.00014 sec, avg_batch_cost: 0.07009 sec, avg_samples: 1024.00000, ips: 14498.50 ins/s
2022-08-22 19:23:23,714 - INFO - epoch: 0, batch_id: 3400, auc: 0.807795, avg_reader_cost: 0.00011 sec, avg_batch_cost: 0.07034 sec, avg_samples: 1024.00000, ips: 14450.31 ins/s
2022-08-22 19:23:24,397 - INFO - epoch: 0, batch_id: 3410, auc: 0.807774, avg_reader_cost: 0.00012 sec, avg_batch_cost: 0.06776 sec, avg_samples: 1024.00000, ips: 14996.37 ins/s
2022-08-22 19:23:25,088 - INFO - epoch: 0, batch_id: 3420, auc: 0.807721, avg_reader_cost: 0.00012 sec, avg_batch_cost: 0.06854 sec, avg_samples: 1024.00000, ips: 14823.98 ins/s
2022-08-22 19:23:25,763 - INFO - epoch: 0, batch_id: 3430, auc: 0.807700, avg_reader_cost: 0.00011 sec, avg_batch_cost: 0.06698 sec, avg_samples: 1024.00000, ips: 15168.21 ins/s
2022-08-22 19:23:26,444 - INFO - epoch: 0, batch_id: 3440, auc: 0.807670, avg_reader_cost: 0.00011 sec, avg_batch_cost: 0.06751 sec, avg_samples: 1024.00000, ips: 15045.96 ins/s
2022-08-22 19:23:27,162 - INFO - epoch: 0, batch_id: 3450, auc: 0.807660, avg_reader_cost: 0.00013 sec, avg_batch_cost: 0.07121 sec, avg_samples: 1024.00000, ips: 14269.75 ins/s
2022-08-22 19:23:27,885 - INFO - epoch: 0, batch_id: 3460, auc: 0.807646, avg_reader_cost: 0.00012 sec, avg_batch_cost: 0.07155 sec, avg_samples: 1024.00000, ips: 14174.63 ins/s
2022-08-22 19:23:28,579 - INFO - epoch: 0, batch_id: 3470, auc: 0.807625, avg_reader_cost: 0.00013 sec, avg_batch_cost: 0.06885 sec, avg_samples: 1024.00000, ips: 14760.88 ins/s
2022-08-22 19:23:29,298 - INFO - epoch: 0, batch_id: 3480, auc: 0.807612, avg_reader_cost: 0.00012 sec, avg_batch_cost: 0.07138 sec, avg_samples: 1024.00000, ips: 14243.95 ins/s
2022-08-22 19:23:29,995 - INFO - epoch: 0, batch_id: 3490, auc: 0.807615, avg_reader_cost: 0.00011 sec, avg_batch_cost: 0.06914 sec, avg_samples: 1024.00000, ips: 14699.44 ins/s
2022-08-22 19:23:30,713 - INFO - epoch: 0, batch_id: 3500, auc: 0.807615, avg_reader_cost: 0.00022 sec, avg_batch_cost: 0.07121 sec, avg_samples: 1024.00000, ips: 14274.27 ins/s
2022-08-22 19:23:31,440 - INFO - epoch: 0, batch_id: 3510, auc: 0.807656, avg_reader_cost: 0.00013 sec, avg_batch_cost: 0.07219 sec, avg_samples: 1024.00000, ips: 14076.33 ins/s
2022-08-22 19:23:32,137 - INFO - epoch: 0, batch_id: 3520, auc: 0.807715, avg_reader_cost: 0.00014 sec, avg_batch_cost: 0.06914 sec, avg_samples: 1024.00000, ips: 14697.73 ins/s
2022-08-22 19:23:32,837 - INFO - epoch: 0, batch_id: 3530, auc: 0.807729, avg_reader_cost: 0.00013 sec, avg_batch_cost: 0.06928 sec, avg_samples: 1024.00000, ips: 14648.46 ins/s
2022-08-22 19:23:33,539 - INFO - epoch: 0, batch_id: 3540, auc: 0.807709, avg_reader_cost: 0.00014 sec, avg_batch_cost: 0.06967 sec, avg_samples: 1024.00000, ips: 14589.74 ins/s
2022-08-22 19:23:34,240 - INFO - epoch: 0, batch_id: 3550, auc: 0.807707, avg_reader_cost: 0.00014 sec, avg_batch_cost: 0.06953 sec, avg_samples: 1024.00000, ips: 14614.69 ins/s
2022-08-22 19:23:34,940 - INFO - epoch: 0, batch_id: 3560, auc: 0.807661, avg_reader_cost: 0.00013 sec, avg_batch_cost: 0.06948 sec, avg_samples: 1024.00000, ips: 14621.71 ins/s
2022-08-22 19:23:35,638 - INFO - epoch: 0, batch_id: 3570, auc: 0.807619, avg_reader_cost: 0.00013 sec, avg_batch_cost: 0.06921 sec, avg_samples: 1024.00000, ips: 14681.03 ins/s
2022-08-22 19:23:36,365 - INFO - epoch: 0, batch_id: 3580, auc: 0.807624, avg_reader_cost: 0.00011 sec, avg_batch_cost: 0.07216 sec, avg_samples: 1024.00000, ips: 14088.18 ins/s
2022-08-22 19:23:37,071 - INFO - epoch: 0, batch_id: 3590, auc: 0.807611, avg_reader_cost: 0.00012 sec, avg_batch_cost: 0.06995 sec, avg_samples: 1024.00000, ips: 14521.87 ins/s
2022-08-22 19:23:37,806 - INFO - epoch: 0, batch_id: 3600, auc: 0.807599, avg_reader_cost: 0.00014 sec, avg_batch_cost: 0.07296 sec, avg_samples: 1024.00000, ips: 13931.34 ins/s
2022-08-22 19:23:38,519 - INFO - epoch: 0, batch_id: 3610, auc: 0.807607, avg_reader_cost: 0.00013 sec, avg_batch_cost: 0.07077 sec, avg_samples: 1024.00000, ips: 14359.92 ins/s
2022-08-22 19:23:39,192 - INFO - epoch: 0, batch_id: 3620, auc: 0.807604, avg_reader_cost: 0.00012 sec, avg_batch_cost: 0.06669 sec, avg_samples: 1024.00000, ips: 15232.63 ins/s
2022-08-22 19:23:39,896 - INFO - epoch: 0, batch_id: 3630, auc: 0.807602, avg_reader_cost: 0.00014 sec, avg_batch_cost: 0.06989 sec, avg_samples: 1024.00000, ips: 14545.30 ins/s
2022-08-22 19:23:40,616 - INFO - epoch: 0, batch_id: 3640, auc: 0.807595, avg_reader_cost: 0.00013 sec, avg_batch_cost: 0.07141 sec, avg_samples: 1024.00000, ips: 14228.67 ins/s
2022-08-22 19:23:41,317 - INFO - epoch: 0, batch_id: 3650, auc: 0.807581, avg_reader_cost: 0.00012 sec, avg_batch_cost: 0.06949 sec, avg_samples: 1024.00000, ips: 14626.72 ins/s
2022-08-22 19:23:42,010 - INFO - epoch: 0, batch_id: 3660, auc: 0.807587, avg_reader_cost: 0.00013 sec, avg_batch_cost: 0.06877 sec, avg_samples: 1024.00000, ips: 14776.08 ins/s
2022-08-22 19:23:42,752 - INFO - epoch: 0, batch_id: 3670, auc: 0.807577, avg_reader_cost: 0.00013 sec, avg_batch_cost: 0.07362 sec, avg_samples: 1024.00000, ips: 13810.71 ins/s
2022-08-22 19:23:43,513 - INFO - epoch: 0, batch_id: 3680, auc: 0.807591, avg_reader_cost: 0.00013 sec, avg_batch_cost: 0.07559 sec, avg_samples: 1024.00000, ips: 13450.73 ins/s
2022-08-22 19:23:44,265 - INFO - epoch: 0, batch_id: 3690, auc: 0.807593, avg_reader_cost: 0.00011 sec, avg_batch_cost: 0.07464 sec, avg_samples: 1024.00000, ips: 13620.55 ins/s
2022-08-22 19:23:45,012 - INFO - epoch: 0, batch_id: 3700, auc: 0.807578, avg_reader_cost: 0.00017 sec, avg_batch_cost: 0.07406 sec, avg_samples: 1024.00000, ips: 13709.27 ins/s
2022-08-22 19:23:45,793 - INFO - epoch: 0, batch_id: 3710, auc: 0.807564, avg_reader_cost: 0.00024 sec, avg_batch_cost: 0.07752 sec, avg_samples: 1024.00000, ips: 13118.11 ins/s
2022-08-22 19:23:46,474 - INFO - epoch: 0, batch_id: 3720, auc: 0.807556, avg_reader_cost: 0.00013 sec, avg_batch_cost: 0.06754 sec, avg_samples: 1024.00000, ips: 15045.55 ins/s
2022-08-22 19:23:47,182 - INFO - epoch: 0, batch_id: 3730, auc: 0.807533, avg_reader_cost: 0.00014 sec, avg_batch_cost: 0.07012 sec, avg_samples: 1024.00000, ips: 14482.83 ins/s
2022-08-22 19:23:47,878 - INFO - epoch: 0, batch_id: 3740, auc: 0.807519, avg_reader_cost: 0.00014 sec, avg_batch_cost: 0.06909 sec, avg_samples: 1024.00000, ips: 14703.82 ins/s
2022-08-22 19:23:48,627 - INFO - epoch: 0, batch_id: 3750, auc: 0.807516, avg_reader_cost: 0.00014 sec, avg_batch_cost: 0.07437 sec, avg_samples: 1024.00000, ips: 13671.90 ins/s
2022-08-22 19:23:49,327 - INFO - epoch: 0, batch_id: 3760, auc: 0.807519, avg_reader_cost: 0.00013 sec, avg_batch_cost: 0.06940 sec, avg_samples: 1024.00000, ips: 14643.98 ins/s
2022-08-22 19:23:50,043 - INFO - epoch: 0, batch_id: 3770, auc: 0.807504, avg_reader_cost: 0.00013 sec, avg_batch_cost: 0.07104 sec, avg_samples: 1024.00000, ips: 14310.04 ins/s
2022-08-22 19:23:50,750 - INFO - epoch: 0, batch_id: 3780, auc: 0.807496, avg_reader_cost: 0.00014 sec, avg_batch_cost: 0.07011 sec, avg_samples: 1024.00000, ips: 14491.48 ins/s
2022-08-22 19:23:51,458 - INFO - epoch: 0, batch_id: 3790, auc: 0.807475, avg_reader_cost: 0.00011 sec, avg_batch_cost: 0.07028 sec, avg_samples: 1024.00000, ips: 14457.27 ins/s
2022-08-22 19:23:52,140 - INFO - epoch: 0, batch_id: 3800, auc: 0.807482, avg_reader_cost: 0.00009 sec, avg_batch_cost: 0.06759 sec, avg_samples: 1024.00000, ips: 15028.33 ins/s
2022-08-22 19:23:52,841 - INFO - epoch: 0, batch_id: 3810, auc: 0.807471, avg_reader_cost: 0.00010 sec, avg_batch_cost: 0.06955 sec, avg_samples: 1024.00000, ips: 14603.56 ins/s
2022-08-22 19:23:53,543 - INFO - epoch: 0, batch_id: 3820, auc: 0.807474, avg_reader_cost: 0.00010 sec, avg_batch_cost: 0.06962 sec, avg_samples: 1024.00000, ips: 14593.26 ins/s
2022-08-22 19:23:54,285 - INFO - epoch: 0, batch_id: 3830, auc: 0.807465, avg_reader_cost: 0.00010 sec, avg_batch_cost: 0.07359 sec, avg_samples: 1024.00000, ips: 13816.74 ins/s
2022-08-22 19:23:54,973 - INFO - epoch: 0, batch_id: 3840, auc: 0.807455, avg_reader_cost: 0.00012 sec, avg_batch_cost: 0.06826 sec, avg_samples: 1024.00000, ips: 14886.67 ins/s
2022-08-22 19:23:55,665 - INFO - epoch: 0, batch_id: 3850, auc: 0.807473, avg_reader_cost: 0.00011 sec, avg_batch_cost: 0.06870 sec, avg_samples: 1024.00000, ips: 14792.62 ins/s
2022-08-22 19:23:56,400 - INFO - epoch: 0, batch_id: 3860, auc: 0.807479, avg_reader_cost: 0.00010 sec, avg_batch_cost: 0.07290 sec, avg_samples: 1024.00000, ips: 13941.31 ins/s
2022-08-22 19:23:57,092 - INFO - epoch: 0, batch_id: 3870, auc: 0.807472, avg_reader_cost: 0.00011 sec, avg_batch_cost: 0.06863 sec, avg_samples: 1024.00000, ips: 14808.98 ins/s
2022-08-22 19:23:57,782 - INFO - epoch: 0, batch_id: 3880, auc: 0.807474, avg_reader_cost: 0.00012 sec, avg_batch_cost: 0.06846 sec, avg_samples: 1024.00000, ips: 14840.36 ins/s
2022-08-22 19:23:58,474 - INFO - epoch: 0, batch_id: 3890, auc: 0.807479, avg_reader_cost: 0.00013 sec, avg_batch_cost: 0.06861 sec, avg_samples: 1024.00000, ips: 14808.36 ins/s
2022-08-22 19:23:59,185 - INFO - epoch: 0, batch_id: 3900, auc: 0.807482, avg_reader_cost: 0.00013 sec, avg_batch_cost: 0.07049 sec, avg_samples: 1024.00000, ips: 14411.91 ins/s
2022-08-22 19:23:59,887 - INFO - epoch: 0, batch_id: 3910, auc: 0.807479, avg_reader_cost: 0.00013 sec, avg_batch_cost: 0.06968 sec, avg_samples: 1024.00000, ips: 14582.33 ins/s
2022-08-22 19:24:00,631 - INFO - epoch: 0, batch_id: 3920, auc: 0.807488, avg_reader_cost: 0.00015 sec, avg_batch_cost: 0.07378 sec, avg_samples: 1024.00000, ips: 13781.04 ins/s
2022-08-22 19:24:01,368 - INFO - epoch: 0, batch_id: 3930, auc: 0.807453, avg_reader_cost: 0.00014 sec, avg_batch_cost: 0.07317 sec, avg_samples: 1024.00000, ips: 13891.76 ins/s
2022-08-22 19:24:02,063 - INFO - epoch: 0, batch_id: 3940, auc: 0.807467, avg_reader_cost: 0.00012 sec, avg_batch_cost: 0.06900 sec, avg_samples: 1024.00000, ips: 14729.42 ins/s
2022-08-22 19:24:02,772 - INFO - epoch: 0, batch_id: 3950, auc: 0.807456, avg_reader_cost: 0.00013 sec, avg_batch_cost: 0.07027 sec, avg_samples: 1024.00000, ips: 14463.06 ins/s
2022-08-22 19:24:03,491 - INFO - epoch: 0, batch_id: 3960, auc: 0.807450, avg_reader_cost: 0.00014 sec, avg_batch_cost: 0.07115 sec, avg_samples: 1024.00000, ips: 14244.78 ins/s
2022-08-22 19:24:04,244 - INFO - epoch: 0, batch_id: 3970, auc: 0.807474, avg_reader_cost: 0.00013 sec, avg_batch_cost: 0.07472 sec, avg_samples: 1024.00000, ips: 13603.93 ins/s
2022-08-22 19:24:05,021 - INFO - epoch: 0, batch_id: 3980, auc: 0.807476, avg_reader_cost: 0.00013 sec, avg_batch_cost: 0.07708 sec, avg_samples: 1024.00000, ips: 13188.15 ins/s
2022-08-22 19:24:05,803 - INFO - epoch: 0, batch_id: 3990, auc: 0.807479, avg_reader_cost: 0.00015 sec, avg_batch_cost: 0.07772 sec, avg_samples: 1024.00000, ips: 13087.34 ins/s
2022-08-22 19:24:06,556 - INFO - epoch: 0, batch_id: 4000, auc: 0.807449, avg_reader_cost: 0.00021 sec, avg_batch_cost: 0.07471 sec, avg_samples: 1024.00000, ips: 13601.90 ins/s
2022-08-22 19:24:07,267 - INFO - epoch: 0, batch_id: 4010, auc: 0.807431, avg_reader_cost: 0.00013 sec, avg_batch_cost: 0.07047 sec, avg_samples: 1024.00000, ips: 14419.15 ins/s
2022-08-22 19:24:07,951 - INFO - epoch: 0, batch_id: 4020, auc: 0.807406, avg_reader_cost: 0.00012 sec, avg_batch_cost: 0.06783 sec, avg_samples: 1024.00000, ips: 14977.85 ins/s
2022-08-22 19:24:08,640 - INFO - epoch: 0, batch_id: 4030, auc: 0.807391, avg_reader_cost: 0.00012 sec, avg_batch_cost: 0.06833 sec, avg_samples: 1024.00000, ips: 14870.83 ins/s
2022-08-22 19:24:09,341 - INFO - epoch: 0, batch_id: 4040, auc: 0.807372, avg_reader_cost: 0.00011 sec, avg_batch_cost: 0.06961 sec, avg_samples: 1024.00000, ips: 14600.52 ins/s
2022-08-22 19:24:10,035 - INFO - epoch: 0, batch_id: 4050, auc: 0.807331, avg_reader_cost: 0.00013 sec, avg_batch_cost: 0.06884 sec, avg_samples: 1024.00000, ips: 14761.75 ins/s
2022-08-22 19:24:10,713 - INFO - epoch: 0, batch_id: 4060, auc: 0.807326, avg_reader_cost: 0.00011 sec, avg_batch_cost: 0.06718 sec, avg_samples: 1024.00000, ips: 15117.66 ins/s
2022-08-22 19:24:11,450 - INFO - epoch: 0, batch_id: 4070, auc: 0.807303, avg_reader_cost: 0.00011 sec, avg_batch_cost: 0.07312 sec, avg_samples: 1024.00000, ips: 13899.89 ins/s
2022-08-22 19:24:12,137 - INFO - epoch: 0, batch_id: 4080, auc: 0.807268, avg_reader_cost: 0.00011 sec, avg_batch_cost: 0.06813 sec, avg_samples: 1024.00000, ips: 14914.06 ins/s
2022-08-22 19:24:12,850 - INFO - epoch: 0, batch_id: 4090, auc: 0.807251, avg_reader_cost: 0.00013 sec, avg_batch_cost: 0.07076 sec, avg_samples: 1024.00000, ips: 14362.72 ins/s
2022-08-22 19:24:13,622 - INFO - epoch: 0, batch_id: 4100, auc: 0.807248, avg_reader_cost: 0.00014 sec, avg_batch_cost: 0.07666 sec, avg_samples: 1024.00000, ips: 13264.98 ins/s
2022-08-22 19:24:14,341 - INFO - epoch: 0, batch_id: 4110, auc: 0.807253, avg_reader_cost: 0.00013 sec, avg_batch_cost: 0.07131 sec, avg_samples: 1024.00000, ips: 14250.56 ins/s
2022-08-22 19:24:15,044 - INFO - epoch: 0, batch_id: 4120, auc: 0.807247, avg_reader_cost: 0.00014 sec, avg_batch_cost: 0.06969 sec, avg_samples: 1024.00000, ips: 14565.69 ins/s
2022-08-22 19:24:15,829 - INFO - epoch: 0, batch_id: 4130, auc: 0.807249, avg_reader_cost: 0.00016 sec, avg_batch_cost: 0.07787 sec, avg_samples: 1024.00000, ips: 13056.37 ins/s
2022-08-22 19:24:16,537 - INFO - epoch: 0, batch_id: 4140, auc: 0.807227, avg_reader_cost: 0.00013 sec, avg_batch_cost: 0.07022 sec, avg_samples: 1024.00000, ips: 14470.81 ins/s
2022-08-22 19:24:17,256 - INFO - epoch: 0, batch_id: 4150, auc: 0.807206, avg_reader_cost: 0.00014 sec, avg_batch_cost: 0.07138 sec, avg_samples: 1024.00000, ips: 14236.51 ins/s
2022-08-22 19:24:17,971 - INFO - epoch: 0, batch_id: 4160, auc: 0.807191, avg_reader_cost: 0.00014 sec, avg_batch_cost: 0.07092 sec, avg_samples: 1024.00000, ips: 14327.90 ins/s
2022-08-22 19:24:18,676 - INFO - epoch: 0, batch_id: 4170, auc: 0.807160, avg_reader_cost: 0.00014 sec, avg_batch_cost: 0.06989 sec, avg_samples: 1024.00000, ips: 14538.15 ins/s
2022-08-22 19:24:19,370 - INFO - epoch: 0, batch_id: 4180, auc: 0.807150, avg_reader_cost: 0.00013 sec, avg_batch_cost: 0.06882 sec, avg_samples: 1024.00000, ips: 14762.68 ins/s
2022-08-22 19:24:20,053 - INFO - epoch: 0, batch_id: 4190, auc: 0.807138, avg_reader_cost: 0.00012 sec, avg_batch_cost: 0.06770 sec, avg_samples: 1024.00000, ips: 15008.42 ins/s
2022-08-22 19:24:20,782 - INFO - epoch: 0, batch_id: 4200, auc: 0.807099, avg_reader_cost: 0.00011 sec, avg_batch_cost: 0.07238 sec, avg_samples: 1024.00000, ips: 14041.40 ins/s
2022-08-22 19:24:21,454 - INFO - epoch: 0, batch_id: 4210, auc: 0.807093, avg_reader_cost: 0.00011 sec, avg_batch_cost: 0.06664 sec, avg_samples: 1024.00000, ips: 15242.14 ins/s
2022-08-22 19:24:22,173 - INFO - epoch: 0, batch_id: 4220, auc: 0.807114, avg_reader_cost: 0.00012 sec, avg_batch_cost: 0.07136 sec, avg_samples: 1024.00000, ips: 14240.77 ins/s
2022-08-22 19:24:22,923 - INFO - epoch: 0, batch_id: 4230, auc: 0.807108, avg_reader_cost: 0.00013 sec, avg_batch_cost: 0.07439 sec, avg_samples: 1024.00000, ips: 13670.90 ins/s
2022-08-22 19:24:23,911 - INFO - epoch: 0, batch_id: 4240, auc: 0.807149, avg_reader_cost: 0.00022 sec, avg_batch_cost: 0.09372 sec, avg_samples: 1024.00000, ips: 10366.89 ins/s
2022-08-22 19:24:24,858 - INFO - epoch: 0, batch_id: 4250, auc: 0.807150, avg_reader_cost: 0.00015 sec, avg_batch_cost: 0.09365 sec, avg_samples: 1024.00000, ips: 10813.78 ins/s
2022-08-22 19:24:25,724 - INFO - epoch: 0, batch_id: 4260, auc: 0.807146, avg_reader_cost: 0.00016 sec, avg_batch_cost: 0.08596 sec, avg_samples: 1024.00000, ips: 11836.84 ins/s
2022-08-22 19:24:26,495 - INFO - epoch: 0, batch_id: 4270, auc: 0.807141, avg_reader_cost: 0.00015 sec, avg_batch_cost: 0.07659 sec, avg_samples: 1024.00000, ips: 13274.60 ins/s
2022-08-22 19:24:27,250 - INFO - epoch: 0, batch_id: 4280, auc: 0.807129, avg_reader_cost: 0.00015 sec, avg_batch_cost: 0.07494 sec, avg_samples: 1024.00000, ips: 13567.41 ins/s
2022-08-22 19:24:27,942 - INFO - epoch: 0, batch_id: 4290, auc: 0.807136, avg_reader_cost: 0.00013 sec, avg_batch_cost: 0.06859 sec, avg_samples: 1024.00000, ips: 14811.34 ins/s
2022-08-22 19:24:28,701 - INFO - epoch: 0, batch_id: 4300, auc: 0.807127, avg_reader_cost: 0.00013 sec, avg_batch_cost: 0.07537 sec, avg_samples: 1024.00000, ips: 13492.65 ins/s
2022-08-22 19:24:29,419 - INFO - epoch: 0, batch_id: 4310, auc: 0.807120, avg_reader_cost: 0.00013 sec, avg_batch_cost: 0.07125 sec, avg_samples: 1024.00000, ips: 14261.18 ins/s
2022-08-22 19:24:30,139 - INFO - epoch: 0, batch_id: 4320, auc: 0.807116, avg_reader_cost: 0.00014 sec, avg_batch_cost: 0.07135 sec, avg_samples: 1024.00000, ips: 14232.55 ins/s
2022-08-22 19:24:30,869 - INFO - epoch: 0, batch_id: 4330, auc: 0.807093, avg_reader_cost: 0.00013 sec, avg_batch_cost: 0.07230 sec, avg_samples: 1024.00000, ips: 14046.08 ins/s
2022-08-22 19:24:31,567 - INFO - epoch: 0, batch_id: 4340, auc: 0.807080, avg_reader_cost: 0.00011 sec, avg_batch_cost: 0.06927 sec, avg_samples: 1024.00000, ips: 14674.24 ins/s
2022-08-22 19:24:32,267 - INFO - epoch: 0, batch_id: 4350, auc: 0.807082, avg_reader_cost: 0.00011 sec, avg_batch_cost: 0.06950 sec, avg_samples: 1024.00000, ips: 14618.47 ins/s
2022-08-22 19:24:32,969 - INFO - epoch: 0, batch_id: 4360, auc: 0.807070, avg_reader_cost: 0.00010 sec, avg_batch_cost: 0.06964 sec, avg_samples: 1024.00000, ips: 14594.67 ins/s
2022-08-22 19:24:33,681 - INFO - epoch: 0, batch_id: 4370, auc: 0.807065, avg_reader_cost: 0.00009 sec, avg_batch_cost: 0.07057 sec, avg_samples: 1024.00000, ips: 14402.07 ins/s
2022-08-22 19:24:34,391 - INFO - epoch: 0, batch_id: 4380, auc: 0.807063, avg_reader_cost: 0.00011 sec, avg_batch_cost: 0.07051 sec, avg_samples: 1024.00000, ips: 14413.92 ins/s
2022-08-22 19:24:35,093 - INFO - epoch: 0, batch_id: 4390, auc: 0.807050, avg_reader_cost: 0.00011 sec, avg_batch_cost: 0.06956 sec, avg_samples: 1024.00000, ips: 14605.46 ins/s
2022-08-22 19:24:35,837 - INFO - epoch: 0, batch_id: 4400, auc: 0.807037, avg_reader_cost: 0.00012 sec, avg_batch_cost: 0.07391 sec, avg_samples: 1024.00000, ips: 13756.38 ins/s
2022-08-22 19:24:36,518 - INFO - epoch: 0, batch_id: 4410, auc: 0.807034, avg_reader_cost: 0.00011 sec, avg_batch_cost: 0.06753 sec, avg_samples: 1024.00000, ips: 15044.01 ins/s
2022-08-22 19:24:37,229 - INFO - epoch: 0, batch_id: 4420, auc: 0.807046, avg_reader_cost: 0.00010 sec, avg_batch_cost: 0.07054 sec, avg_samples: 1024.00000, ips: 14410.05 ins/s
2022-08-22 19:24:37,920 - INFO - epoch: 0, batch_id: 4430, auc: 0.807041, avg_reader_cost: 0.00011 sec, avg_batch_cost: 0.06859 sec, avg_samples: 1024.00000, ips: 14815.32 ins/s
2022-08-22 19:24:38,620 - INFO - epoch: 0, batch_id: 4440, auc: 0.807035, avg_reader_cost: 0.00012 sec, avg_batch_cost: 0.06935 sec, avg_samples: 1024.00000, ips: 14650.18 ins/s
2022-08-22 19:24:39,353 - INFO - epoch: 0, batch_id: 4450, auc: 0.807031, avg_reader_cost: 0.00013 sec, avg_batch_cost: 0.07278 sec, avg_samples: 1024.00000, ips: 13964.41 ins/s
2022-08-22 19:24:40,067 - INFO - epoch: 0, batch_id: 4460, auc: 0.807014, avg_reader_cost: 0.00012 sec, avg_batch_cost: 0.07076 sec, avg_samples: 1024.00000, ips: 14360.61 ins/s
2022-08-22 19:24:40,781 - INFO - epoch: 0, batch_id: 4470, auc: 0.807011, avg_reader_cost: 0.00014 sec, avg_batch_cost: 0.07082 sec, avg_samples: 1024.00000, ips: 14342.41 ins/s
2022-08-22 19:24:40,881 - INFO - epoch: 0 done, auc: 0.807001, epoch time: 324.84 s